Started GET "/" for 127.0.0.1 at 2025-12-09 08:43:39 +0700
  
ActiveRecord::ConnectionNotEstablished (connection to server on socket "/var/run/postgresql/.s.PGSQL.5432" failed: FATAL:  role "d10-tuantp-pc" does not exist
)
Caused by: PG::ConnectionBad (connection to server on socket "/var/run/postgresql/.s.PGSQL.5432" failed: FATAL:  role "d10-tuantp-pc" does not exist
)

Information for: ActiveRecord::ConnectionNotEstablished (connection to server on socket "/var/run/postgresql/.s.PGSQL.5432" failed: FATAL:  role "d10-tuantp-pc" does not exist
):
  
activerecord (8.1.1) lib/active_record/connection_adapters/postgresql_adapter.rb:69:in `rescue in new_client'
activerecord (8.1.1) lib/active_record/connection_adapters/postgresql_adapter.rb:57:in `new_client'
activerecord (8.1.1) lib/active_record/connection_adapters/postgresql_adapter.rb:955:in `connect'
activerecord (8.1.1) lib/active_record/connection_adapters/postgresql_adapter.rb:967:in `reconnect'
activerecord (8.1.1) lib/active_record/connection_adapters/abstract_adapter.rb:718:in `block in reconnect!'
activesupport (8.1.1) lib/active_support/concurrency/null_lock.rb:9:in `synchronize'
activerecord (8.1.1) lib/active_record/connection_adapters/abstract_adapter.rb:715:in `reconnect!'
activerecord (8.1.1) lib/active_record/connection_adapters/abstract_adapter.rb:825:in `block in verify!'
activesupport (8.1.1) lib/active_support/concurrency/null_lock.rb:9:in `synchronize'
activerecord (8.1.1) lib/active_record/connection_adapters/abstract_adapter.rb:814:in `verify!'
activerecord (8.1.1) lib/active_record/connection_adapters/abstract_adapter.rb:834:in `connect!'
activerecord (8.1.1) lib/active_record/connection_adapters/abstract_adapter.rb:1051:in `block in with_raw_connection'
activesupport (8.1.1) lib/active_support/concurrency/null_lock.rb:9:in `synchronize'
activerecord (8.1.1) lib/active_record/connection_adapters/abstract_adapter.rb:1050:in `with_raw_connection'
activerecord (8.1.1) lib/active_record/connection_adapters/postgresql/quoting.rb:128:in `quote_string'
activerecord (8.1.1) lib/active_record/connection_adapters/abstract/quoting.rb:75:in `quote'
activerecord (8.1.1) lib/active_record/connection_adapters/postgresql/quoting.rb:122:in `quote'
activerecord (8.1.1) lib/active_record/connection_adapters/postgresql/schema_statements.rb:1180:in `quoted_scope'
activerecord (8.1.1) lib/active_record/connection_adapters/postgresql/schema_statements.rb:1157:in `data_source_sql'
activerecord (8.1.1) lib/active_record/connection_adapters/abstract/schema_statements.rb:61:in `table_exists?'
activerecord (8.1.1) lib/active_record/schema_migration.rb:55:in `block in create_table'
activerecord (8.1.1) lib/active_record/connection_adapters/abstract/connection_pool.rb:463:in `with_connection'
activerecord (8.1.1) lib/active_record/schema_migration.rb:54:in `create_table'
activerecord (8.1.1) lib/active_record/migration.rb:1440:in `initialize'
activerecord (8.1.1) lib/active_record/migration.rb:1288:in `new'
activerecord (8.1.1) lib/active_record/migration.rb:1288:in `open'
activerecord (8.1.1) lib/active_record/migration.rb:763:in `block (2 levels) in pending_migrations'
activerecord (8.1.1) lib/active_record/migration/pending_migration_connection.rb:8:in `with_temporary_pool'
activerecord (8.1.1) lib/active_record/migration.rb:762:in `block in pending_migrations'
activerecord (8.1.1) lib/active_record/migration.rb:761:in `each'
activerecord (8.1.1) lib/active_record/migration.rb:761:in `pending_migrations'
activerecord (8.1.1) lib/active_record/migration.rb:740:in `check_pending_migrations'
activerecord (8.1.1) lib/active_record/migration.rb:660:in `block (2 levels) in call'
activesupport (8.1.1) lib/active_support/file_update_checker.rb:88:in `execute'
activerecord (8.1.1) lib/active_record/migration.rb:665:in `block in call'
activerecord (8.1.1) lib/active_record/migration.rb:657:in `synchronize'
activerecord (8.1.1) lib/active_record/migration.rb:657:in `call'
actionpack (8.1.1) lib/action_dispatch/middleware/callbacks.rb:31:in `block in call'
activesupport (8.1.1) lib/active_support/callbacks.rb:101:in `run_callbacks'
actionpack (8.1.1) lib/action_dispatch/middleware/callbacks.rb:30:in `call'
actionpack (8.1.1) lib/action_dispatch/middleware/executor.rb:20:in `call'
actionpack (8.1.1) lib/action_dispatch/middleware/actionable_exceptions.rb:18:in `call'
actionpack (8.1.1) lib/action_dispatch/middleware/debug_exceptions.rb:31:in `call'
actionpack (8.1.1) lib/action_dispatch/middleware/show_exceptions.rb:32:in `call'
railties (8.1.1) lib/rails/rack/logger.rb:41:in `call_app'
railties (8.1.1) lib/rails/rack/logger.rb:29:in `call'
actionpack (8.1.1) lib/action_dispatch/middleware/remote_ip.rb:98:in `call'
actionpack (8.1.1) lib/action_dispatch/middleware/request_id.rb:34:in `call'
rack (3.2.4) lib/rack/runtime.rb:24:in `call'
actionpack (8.1.1) lib/action_dispatch/middleware/server_timing.rb:61:in `block in call'
actionpack (8.1.1) lib/action_dispatch/middleware/server_timing.rb:26:in `collect_events'
actionpack (8.1.1) lib/action_dispatch/middleware/server_timing.rb:60:in `call'
actionpack (8.1.1) lib/action_dispatch/middleware/executor.rb:20:in `call'
actionpack (8.1.1) lib/action_dispatch/middleware/static.rb:27:in `call'
rack (3.2.4) lib/rack/sendfile.rb:131:in `call'
actionpack (8.1.1) lib/action_dispatch/middleware/host_authorization.rb:143:in `call'
railties (8.1.1) lib/rails/engine.rb:534:in `call'
puma (7.1.0) lib/puma/configuration.rb:300:in `call'
puma (7.1.0) lib/puma/request.rb:101:in `block in handle_request'
puma (7.1.0) lib/puma/thread_pool.rb:355:in `with_force_shutdown'
puma (7.1.0) lib/puma/request.rb:100:in `handle_request'
puma (7.1.0) lib/puma/server.rb:503:in `process_client'
puma (7.1.0) lib/puma/server.rb:262:in `block in run'
puma (7.1.0) lib/puma/thread_pool.rb:182:in `block in spawn_thread'

Information for cause: PG::ConnectionBad (connection to server on socket "/var/run/postgresql/.s.PGSQL.5432" failed: FATAL:  role "d10-tuantp-pc" does not exist
):
  
pg-1.6.2-x86_64 (linux) lib/pg/connection.rb:751:in `polling_loop'
pg-1.6.2-x86_64 (linux) lib/pg/connection.rb:795:in `async_connect_or_reset'
pg-1.6.2-x86_64 (linux) lib/pg/connection.rb:951:in `connect_to_hosts'
pg-1.6.2-x86_64 (linux) lib/pg/connection.rb:871:in `new'
pg-1.6.2-x86_64 (linux) lib/pg.rb:88:in `connect'
activerecord (8.1.1) lib/active_record/connection_adapters/postgresql_adapter.rb:58:in `new_client'
activerecord (8.1.1) lib/active_record/connection_adapters/postgresql_adapter.rb:955:in `connect'
activerecord (8.1.1) lib/active_record/connection_adapters/postgresql_adapter.rb:967:in `reconnect'
activerecord (8.1.1) lib/active_record/connection_adapters/abstract_adapter.rb:718:in `block in reconnect!'
activesupport (8.1.1) lib/active_support/concurrency/null_lock.rb:9:in `synchronize'
activerecord (8.1.1) lib/active_record/connection_adapters/abstract_adapter.rb:715:in `reconnect!'
activerecord (8.1.1) lib/active_record/connection_adapters/abstract_adapter.rb:825:in `block in verify!'
activesupport (8.1.1) lib/active_support/concurrency/null_lock.rb:9:in `synchronize'
activerecord (8.1.1) lib/active_record/connection_adapters/abstract_adapter.rb:814:in `verify!'
activerecord (8.1.1) lib/active_record/connection_adapters/abstract_adapter.rb:834:in `connect!'
activerecord (8.1.1) lib/active_record/connection_adapters/abstract_adapter.rb:1051:in `block in with_raw_connection'
activesupport (8.1.1) lib/active_support/concurrency/null_lock.rb:9:in `synchronize'
activerecord (8.1.1) lib/active_record/connection_adapters/abstract_adapter.rb:1050:in `with_raw_connection'
activerecord (8.1.1) lib/active_record/connection_adapters/postgresql/quoting.rb:128:in `quote_string'
activerecord (8.1.1) lib/active_record/connection_adapters/abstract/quoting.rb:75:in `quote'
activerecord (8.1.1) lib/active_record/connection_adapters/postgresql/quoting.rb:122:in `quote'
activerecord (8.1.1) lib/active_record/connection_adapters/postgresql/schema_statements.rb:1180:in `quoted_scope'
activerecord (8.1.1) lib/active_record/connection_adapters/postgresql/schema_statements.rb:1157:in `data_source_sql'
activerecord (8.1.1) lib/active_record/connection_adapters/abstract/schema_statements.rb:61:in `table_exists?'
activerecord (8.1.1) lib/active_record/schema_migration.rb:55:in `block in create_table'
activerecord (8.1.1) lib/active_record/connection_adapters/abstract/connection_pool.rb:463:in `with_connection'
activerecord (8.1.1) lib/active_record/schema_migration.rb:54:in `create_table'
activerecord (8.1.1) lib/active_record/migration.rb:1440:in `initialize'
activerecord (8.1.1) lib/active_record/migration.rb:1288:in `new'
activerecord (8.1.1) lib/active_record/migration.rb:1288:in `open'
activerecord (8.1.1) lib/active_record/migration.rb:763:in `block (2 levels) in pending_migrations'
activerecord (8.1.1) lib/active_record/migration/pending_migration_connection.rb:8:in `with_temporary_pool'
activerecord (8.1.1) lib/active_record/migration.rb:762:in `block in pending_migrations'
activerecord (8.1.1) lib/active_record/migration.rb:761:in `each'
activerecord (8.1.1) lib/active_record/migration.rb:761:in `pending_migrations'
activerecord (8.1.1) lib/active_record/migration.rb:740:in `check_pending_migrations'
activerecord (8.1.1) lib/active_record/migration.rb:660:in `block (2 levels) in call'
activesupport (8.1.1) lib/active_support/file_update_checker.rb:88:in `execute'
activerecord (8.1.1) lib/active_record/migration.rb:665:in `block in call'
activerecord (8.1.1) lib/active_record/migration.rb:657:in `synchronize'
activerecord (8.1.1) lib/active_record/migration.rb:657:in `call'
actionpack (8.1.1) lib/action_dispatch/middleware/callbacks.rb:31:in `block in call'
activesupport (8.1.1) lib/active_support/callbacks.rb:101:in `run_callbacks'
actionpack (8.1.1) lib/action_dispatch/middleware/callbacks.rb:30:in `call'
actionpack (8.1.1) lib/action_dispatch/middleware/executor.rb:20:in `call'
actionpack (8.1.1) lib/action_dispatch/middleware/actionable_exceptions.rb:18:in `call'
actionpack (8.1.1) lib/action_dispatch/middleware/debug_exceptions.rb:31:in `call'
actionpack (8.1.1) lib/action_dispatch/middleware/show_exceptions.rb:32:in `call'
railties (8.1.1) lib/rails/rack/logger.rb:41:in `call_app'
railties (8.1.1) lib/rails/rack/logger.rb:29:in `call'
actionpack (8.1.1) lib/action_dispatch/middleware/remote_ip.rb:98:in `call'
actionpack (8.1.1) lib/action_dispatch/middleware/request_id.rb:34:in `call'
rack (3.2.4) lib/rack/runtime.rb:24:in `call'
actionpack (8.1.1) lib/action_dispatch/middleware/server_timing.rb:61:in `block in call'
actionpack (8.1.1) lib/action_dispatch/middleware/server_timing.rb:26:in `collect_events'
actionpack (8.1.1) lib/action_dispatch/middleware/server_timing.rb:60:in `call'
actionpack (8.1.1) lib/action_dispatch/middleware/executor.rb:20:in `call'
actionpack (8.1.1) lib/action_dispatch/middleware/static.rb:27:in `call'
rack (3.2.4) lib/rack/sendfile.rb:131:in `call'
actionpack (8.1.1) lib/action_dispatch/middleware/host_authorization.rb:143:in `call'
railties (8.1.1) lib/rails/engine.rb:534:in `call'
puma (7.1.0) lib/puma/configuration.rb:300:in `call'
puma (7.1.0) lib/puma/request.rb:101:in `block in handle_request'
puma (7.1.0) lib/puma/thread_pool.rb:355:in `with_force_shutdown'
puma (7.1.0) lib/puma/request.rb:100:in `handle_request'
puma (7.1.0) lib/puma/server.rb:503:in `process_client'
puma (7.1.0) lib/puma/server.rb:262:in `block in run'
puma (7.1.0) lib/puma/thread_pool.rb:182:in `block in spawn_thread'
Started GET "/favicon.ico" for 127.0.0.1 at 2025-12-09 08:43:40 +0700
  
ActiveRecord::ConnectionNotEstablished (connection to server on socket "/var/run/postgresql/.s.PGSQL.5432" failed: FATAL:  role "d10-tuantp-pc" does not exist
)
Caused by: PG::ConnectionBad (connection to server on socket "/var/run/postgresql/.s.PGSQL.5432" failed: FATAL:  role "d10-tuantp-pc" does not exist
)

Information for: ActiveRecord::ConnectionNotEstablished (connection to server on socket "/var/run/postgresql/.s.PGSQL.5432" failed: FATAL:  role "d10-tuantp-pc" does not exist
):
  
activerecord (8.1.1) lib/active_record/connection_adapters/postgresql_adapter.rb:69:in `rescue in new_client'
activerecord (8.1.1) lib/active_record/connection_adapters/postgresql_adapter.rb:57:in `new_client'
activerecord (8.1.1) lib/active_record/connection_adapters/postgresql_adapter.rb:955:in `connect'
activerecord (8.1.1) lib/active_record/connection_adapters/postgresql_adapter.rb:967:in `reconnect'
activerecord (8.1.1) lib/active_record/connection_adapters/abstract_adapter.rb:718:in `block in reconnect!'
activesupport (8.1.1) lib/active_support/concurrency/null_lock.rb:9:in `synchronize'
activerecord (8.1.1) lib/active_record/connection_adapters/abstract_adapter.rb:715:in `reconnect!'
activerecord (8.1.1) lib/active_record/connection_adapters/abstract_adapter.rb:825:in `block in verify!'
activesupport (8.1.1) lib/active_support/concurrency/null_lock.rb:9:in `synchronize'
activerecord (8.1.1) lib/active_record/connection_adapters/abstract_adapter.rb:814:in `verify!'
activerecord (8.1.1) lib/active_record/connection_adapters/abstract_adapter.rb:834:in `connect!'
activerecord (8.1.1) lib/active_record/connection_adapters/abstract_adapter.rb:1051:in `block in with_raw_connection'
activesupport (8.1.1) lib/active_support/concurrency/null_lock.rb:9:in `synchronize'
activerecord (8.1.1) lib/active_record/connection_adapters/abstract_adapter.rb:1050:in `with_raw_connection'
activerecord (8.1.1) lib/active_record/connection_adapters/postgresql/quoting.rb:128:in `quote_string'
activerecord (8.1.1) lib/active_record/connection_adapters/abstract/quoting.rb:75:in `quote'
activerecord (8.1.1) lib/active_record/connection_adapters/postgresql/quoting.rb:122:in `quote'
activerecord (8.1.1) lib/active_record/connection_adapters/postgresql/schema_statements.rb:1180:in `quoted_scope'
activerecord (8.1.1) lib/active_record/connection_adapters/postgresql/schema_statements.rb:1157:in `data_source_sql'
activerecord (8.1.1) lib/active_record/connection_adapters/abstract/schema_statements.rb:61:in `table_exists?'
activerecord (8.1.1) lib/active_record/schema_migration.rb:55:in `block in create_table'
activerecord (8.1.1) lib/active_record/connection_adapters/abstract/connection_pool.rb:463:in `with_connection'
activerecord (8.1.1) lib/active_record/schema_migration.rb:54:in `create_table'
activerecord (8.1.1) lib/active_record/migration.rb:1440:in `initialize'
activerecord (8.1.1) lib/active_record/migration.rb:1288:in `new'
activerecord (8.1.1) lib/active_record/migration.rb:1288:in `open'
activerecord (8.1.1) lib/active_record/migration.rb:763:in `block (2 levels) in pending_migrations'
activerecord (8.1.1) lib/active_record/migration/pending_migration_connection.rb:8:in `with_temporary_pool'
activerecord (8.1.1) lib/active_record/migration.rb:762:in `block in pending_migrations'
activerecord (8.1.1) lib/active_record/migration.rb:761:in `each'
activerecord (8.1.1) lib/active_record/migration.rb:761:in `pending_migrations'
activerecord (8.1.1) lib/active_record/migration.rb:740:in `check_pending_migrations'
activerecord (8.1.1) lib/active_record/migration.rb:660:in `block (2 levels) in call'
activesupport (8.1.1) lib/active_support/file_update_checker.rb:88:in `execute'
activerecord (8.1.1) lib/active_record/migration.rb:665:in `block in call'
activerecord (8.1.1) lib/active_record/migration.rb:657:in `synchronize'
activerecord (8.1.1) lib/active_record/migration.rb:657:in `call'
actionpack (8.1.1) lib/action_dispatch/middleware/callbacks.rb:31:in `block in call'
activesupport (8.1.1) lib/active_support/callbacks.rb:101:in `run_callbacks'
actionpack (8.1.1) lib/action_dispatch/middleware/callbacks.rb:30:in `call'
actionpack (8.1.1) lib/action_dispatch/middleware/executor.rb:20:in `call'
actionpack (8.1.1) lib/action_dispatch/middleware/actionable_exceptions.rb:18:in `call'
actionpack (8.1.1) lib/action_dispatch/middleware/debug_exceptions.rb:31:in `call'
actionpack (8.1.1) lib/action_dispatch/middleware/show_exceptions.rb:32:in `call'
railties (8.1.1) lib/rails/rack/logger.rb:41:in `call_app'
railties (8.1.1) lib/rails/rack/logger.rb:29:in `call'
actionpack (8.1.1) lib/action_dispatch/middleware/remote_ip.rb:98:in `call'
actionpack (8.1.1) lib/action_dispatch/middleware/request_id.rb:34:in `call'
rack (3.2.4) lib/rack/runtime.rb:24:in `call'
actionpack (8.1.1) lib/action_dispatch/middleware/server_timing.rb:61:in `block in call'
actionpack (8.1.1) lib/action_dispatch/middleware/server_timing.rb:26:in `collect_events'
actionpack (8.1.1) lib/action_dispatch/middleware/server_timing.rb:60:in `call'
actionpack (8.1.1) lib/action_dispatch/middleware/executor.rb:20:in `call'
actionpack (8.1.1) lib/action_dispatch/middleware/static.rb:27:in `call'
rack (3.2.4) lib/rack/sendfile.rb:131:in `call'
actionpack (8.1.1) lib/action_dispatch/middleware/host_authorization.rb:143:in `call'
railties (8.1.1) lib/rails/engine.rb:534:in `call'
puma (7.1.0) lib/puma/configuration.rb:300:in `call'
puma (7.1.0) lib/puma/request.rb:101:in `block in handle_request'
puma (7.1.0) lib/puma/thread_pool.rb:355:in `with_force_shutdown'
puma (7.1.0) lib/puma/request.rb:100:in `handle_request'
puma (7.1.0) lib/puma/server.rb:503:in `process_client'
puma (7.1.0) lib/puma/server.rb:262:in `block in run'
puma (7.1.0) lib/puma/thread_pool.rb:182:in `block in spawn_thread'

Information for cause: PG::ConnectionBad (connection to server on socket "/var/run/postgresql/.s.PGSQL.5432" failed: FATAL:  role "d10-tuantp-pc" does not exist
):
  
pg-1.6.2-x86_64 (linux) lib/pg/connection.rb:751:in `polling_loop'
pg-1.6.2-x86_64 (linux) lib/pg/connection.rb:795:in `async_connect_or_reset'
pg-1.6.2-x86_64 (linux) lib/pg/connection.rb:951:in `connect_to_hosts'
pg-1.6.2-x86_64 (linux) lib/pg/connection.rb:871:in `new'
pg-1.6.2-x86_64 (linux) lib/pg.rb:88:in `connect'
activerecord (8.1.1) lib/active_record/connection_adapters/postgresql_adapter.rb:58:in `new_client'
activerecord (8.1.1) lib/active_record/connection_adapters/postgresql_adapter.rb:955:in `connect'
activerecord (8.1.1) lib/active_record/connection_adapters/postgresql_adapter.rb:967:in `reconnect'
activerecord (8.1.1) lib/active_record/connection_adapters/abstract_adapter.rb:718:in `block in reconnect!'
activesupport (8.1.1) lib/active_support/concurrency/null_lock.rb:9:in `synchronize'
activerecord (8.1.1) lib/active_record/connection_adapters/abstract_adapter.rb:715:in `reconnect!'
activerecord (8.1.1) lib/active_record/connection_adapters/abstract_adapter.rb:825:in `block in verify!'
activesupport (8.1.1) lib/active_support/concurrency/null_lock.rb:9:in `synchronize'
activerecord (8.1.1) lib/active_record/connection_adapters/abstract_adapter.rb:814:in `verify!'
activerecord (8.1.1) lib/active_record/connection_adapters/abstract_adapter.rb:834:in `connect!'
activerecord (8.1.1) lib/active_record/connection_adapters/abstract_adapter.rb:1051:in `block in with_raw_connection'
activesupport (8.1.1) lib/active_support/concurrency/null_lock.rb:9:in `synchronize'
activerecord (8.1.1) lib/active_record/connection_adapters/abstract_adapter.rb:1050:in `with_raw_connection'
activerecord (8.1.1) lib/active_record/connection_adapters/postgresql/quoting.rb:128:in `quote_string'
activerecord (8.1.1) lib/active_record/connection_adapters/abstract/quoting.rb:75:in `quote'
activerecord (8.1.1) lib/active_record/connection_adapters/postgresql/quoting.rb:122:in `quote'
activerecord (8.1.1) lib/active_record/connection_adapters/postgresql/schema_statements.rb:1180:in `quoted_scope'
activerecord (8.1.1) lib/active_record/connection_adapters/postgresql/schema_statements.rb:1157:in `data_source_sql'
activerecord (8.1.1) lib/active_record/connection_adapters/abstract/schema_statements.rb:61:in `table_exists?'
activerecord (8.1.1) lib/active_record/schema_migration.rb:55:in `block in create_table'
activerecord (8.1.1) lib/active_record/connection_adapters/abstract/connection_pool.rb:463:in `with_connection'
activerecord (8.1.1) lib/active_record/schema_migration.rb:54:in `create_table'
activerecord (8.1.1) lib/active_record/migration.rb:1440:in `initialize'
activerecord (8.1.1) lib/active_record/migration.rb:1288:in `new'
activerecord (8.1.1) lib/active_record/migration.rb:1288:in `open'
activerecord (8.1.1) lib/active_record/migration.rb:763:in `block (2 levels) in pending_migrations'
activerecord (8.1.1) lib/active_record/migration/pending_migration_connection.rb:8:in `with_temporary_pool'
activerecord (8.1.1) lib/active_record/migration.rb:762:in `block in pending_migrations'
activerecord (8.1.1) lib/active_record/migration.rb:761:in `each'
activerecord (8.1.1) lib/active_record/migration.rb:761:in `pending_migrations'
activerecord (8.1.1) lib/active_record/migration.rb:740:in `check_pending_migrations'
activerecord (8.1.1) lib/active_record/migration.rb:660:in `block (2 levels) in call'
activesupport (8.1.1) lib/active_support/file_update_checker.rb:88:in `execute'
activerecord (8.1.1) lib/active_record/migration.rb:665:in `block in call'
activerecord (8.1.1) lib/active_record/migration.rb:657:in `synchronize'
activerecord (8.1.1) lib/active_record/migration.rb:657:in `call'
actionpack (8.1.1) lib/action_dispatch/middleware/callbacks.rb:31:in `block in call'
activesupport (8.1.1) lib/active_support/callbacks.rb:101:in `run_callbacks'
actionpack (8.1.1) lib/action_dispatch/middleware/callbacks.rb:30:in `call'
actionpack (8.1.1) lib/action_dispatch/middleware/executor.rb:20:in `call'
actionpack (8.1.1) lib/action_dispatch/middleware/actionable_exceptions.rb:18:in `call'
actionpack (8.1.1) lib/action_dispatch/middleware/debug_exceptions.rb:31:in `call'
actionpack (8.1.1) lib/action_dispatch/middleware/show_exceptions.rb:32:in `call'
railties (8.1.1) lib/rails/rack/logger.rb:41:in `call_app'
railties (8.1.1) lib/rails/rack/logger.rb:29:in `call'
actionpack (8.1.1) lib/action_dispatch/middleware/remote_ip.rb:98:in `call'
actionpack (8.1.1) lib/action_dispatch/middleware/request_id.rb:34:in `call'
rack (3.2.4) lib/rack/runtime.rb:24:in `call'
actionpack (8.1.1) lib/action_dispatch/middleware/server_timing.rb:61:in `block in call'
actionpack (8.1.1) lib/action_dispatch/middleware/server_timing.rb:26:in `collect_events'
actionpack (8.1.1) lib/action_dispatch/middleware/server_timing.rb:60:in `call'
actionpack (8.1.1) lib/action_dispatch/middleware/executor.rb:20:in `call'
actionpack (8.1.1) lib/action_dispatch/middleware/static.rb:27:in `call'
rack (3.2.4) lib/rack/sendfile.rb:131:in `call'
actionpack (8.1.1) lib/action_dispatch/middleware/host_authorization.rb:143:in `call'
railties (8.1.1) lib/rails/engine.rb:534:in `call'
puma (7.1.0) lib/puma/configuration.rb:300:in `call'
puma (7.1.0) lib/puma/request.rb:101:in `block in handle_request'
puma (7.1.0) lib/puma/thread_pool.rb:355:in `with_force_shutdown'
puma (7.1.0) lib/puma/request.rb:100:in `handle_request'
puma (7.1.0) lib/puma/server.rb:503:in `process_client'
puma (7.1.0) lib/puma/server.rb:262:in `block in run'
puma (7.1.0) lib/puma/thread_pool.rb:182:in `block in spawn_thread'
Started GET "/" for 127.0.0.1 at 2025-12-09 08:48:03 +0700
  
ActiveRecord::ConnectionNotEstablished (connection to server on socket "/var/run/postgresql/.s.PGSQL.5432" failed: FATAL:  role "d10-tuantp-pc" does not exist
)
Caused by: PG::ConnectionBad (connection to server on socket "/var/run/postgresql/.s.PGSQL.5432" failed: FATAL:  role "d10-tuantp-pc" does not exist
)

Information for: ActiveRecord::ConnectionNotEstablished (connection to server on socket "/var/run/postgresql/.s.PGSQL.5432" failed: FATAL:  role "d10-tuantp-pc" does not exist
):
  
activerecord (8.1.1) lib/active_record/connection_adapters/postgresql_adapter.rb:69:in `rescue in new_client'
activerecord (8.1.1) lib/active_record/connection_adapters/postgresql_adapter.rb:57:in `new_client'
activerecord (8.1.1) lib/active_record/connection_adapters/postgresql_adapter.rb:955:in `connect'
activerecord (8.1.1) lib/active_record/connection_adapters/postgresql_adapter.rb:967:in `reconnect'
activerecord (8.1.1) lib/active_record/connection_adapters/abstract_adapter.rb:718:in `block in reconnect!'
activesupport (8.1.1) lib/active_support/concurrency/null_lock.rb:9:in `synchronize'
activerecord (8.1.1) lib/active_record/connection_adapters/abstract_adapter.rb:715:in `reconnect!'
activerecord (8.1.1) lib/active_record/connection_adapters/abstract_adapter.rb:825:in `block in verify!'
activesupport (8.1.1) lib/active_support/concurrency/null_lock.rb:9:in `synchronize'
activerecord (8.1.1) lib/active_record/connection_adapters/abstract_adapter.rb:814:in `verify!'
activerecord (8.1.1) lib/active_record/connection_adapters/abstract_adapter.rb:834:in `connect!'
activerecord (8.1.1) lib/active_record/connection_adapters/abstract_adapter.rb:1051:in `block in with_raw_connection'
activesupport (8.1.1) lib/active_support/concurrency/null_lock.rb:9:in `synchronize'
activerecord (8.1.1) lib/active_record/connection_adapters/abstract_adapter.rb:1050:in `with_raw_connection'
activerecord (8.1.1) lib/active_record/connection_adapters/postgresql/quoting.rb:128:in `quote_string'
activerecord (8.1.1) lib/active_record/connection_adapters/abstract/quoting.rb:75:in `quote'
activerecord (8.1.1) lib/active_record/connection_adapters/postgresql/quoting.rb:122:in `quote'
activerecord (8.1.1) lib/active_record/connection_adapters/postgresql/schema_statements.rb:1180:in `quoted_scope'
activerecord (8.1.1) lib/active_record/connection_adapters/postgresql/schema_statements.rb:1157:in `data_source_sql'
activerecord (8.1.1) lib/active_record/connection_adapters/abstract/schema_statements.rb:61:in `table_exists?'
activerecord (8.1.1) lib/active_record/schema_migration.rb:55:in `block in create_table'
activerecord (8.1.1) lib/active_record/connection_adapters/abstract/connection_pool.rb:463:in `with_connection'
activerecord (8.1.1) lib/active_record/schema_migration.rb:54:in `create_table'
activerecord (8.1.1) lib/active_record/migration.rb:1440:in `initialize'
activerecord (8.1.1) lib/active_record/migration.rb:1288:in `new'
activerecord (8.1.1) lib/active_record/migration.rb:1288:in `open'
activerecord (8.1.1) lib/active_record/migration.rb:763:in `block (2 levels) in pending_migrations'
activerecord (8.1.1) lib/active_record/migration/pending_migration_connection.rb:8:in `with_temporary_pool'
activerecord (8.1.1) lib/active_record/migration.rb:762:in `block in pending_migrations'
activerecord (8.1.1) lib/active_record/migration.rb:761:in `each'
activerecord (8.1.1) lib/active_record/migration.rb:761:in `pending_migrations'
activerecord (8.1.1) lib/active_record/migration.rb:740:in `check_pending_migrations'
activerecord (8.1.1) lib/active_record/migration.rb:660:in `block (2 levels) in call'
activesupport (8.1.1) lib/active_support/file_update_checker.rb:88:in `execute'
activerecord (8.1.1) lib/active_record/migration.rb:665:in `block in call'
activerecord (8.1.1) lib/active_record/migration.rb:657:in `synchronize'
activerecord (8.1.1) lib/active_record/migration.rb:657:in `call'
actionpack (8.1.1) lib/action_dispatch/middleware/callbacks.rb:31:in `block in call'
activesupport (8.1.1) lib/active_support/callbacks.rb:101:in `run_callbacks'
actionpack (8.1.1) lib/action_dispatch/middleware/callbacks.rb:30:in `call'
actionpack (8.1.1) lib/action_dispatch/middleware/executor.rb:20:in `call'
actionpack (8.1.1) lib/action_dispatch/middleware/actionable_exceptions.rb:18:in `call'
actionpack (8.1.1) lib/action_dispatch/middleware/debug_exceptions.rb:31:in `call'
actionpack (8.1.1) lib/action_dispatch/middleware/show_exceptions.rb:32:in `call'
railties (8.1.1) lib/rails/rack/logger.rb:41:in `call_app'
railties (8.1.1) lib/rails/rack/logger.rb:29:in `call'
actionpack (8.1.1) lib/action_dispatch/middleware/remote_ip.rb:98:in `call'
actionpack (8.1.1) lib/action_dispatch/middleware/request_id.rb:34:in `call'
rack (3.2.4) lib/rack/runtime.rb:24:in `call'
actionpack (8.1.1) lib/action_dispatch/middleware/server_timing.rb:61:in `block in call'
actionpack (8.1.1) lib/action_dispatch/middleware/server_timing.rb:26:in `collect_events'
actionpack (8.1.1) lib/action_dispatch/middleware/server_timing.rb:60:in `call'
actionpack (8.1.1) lib/action_dispatch/middleware/executor.rb:20:in `call'
actionpack (8.1.1) lib/action_dispatch/middleware/static.rb:27:in `call'
rack (3.2.4) lib/rack/sendfile.rb:131:in `call'
actionpack (8.1.1) lib/action_dispatch/middleware/host_authorization.rb:143:in `call'
railties (8.1.1) lib/rails/engine.rb:534:in `call'
puma (7.1.0) lib/puma/configuration.rb:300:in `call'
puma (7.1.0) lib/puma/request.rb:101:in `block in handle_request'
puma (7.1.0) lib/puma/thread_pool.rb:355:in `with_force_shutdown'
puma (7.1.0) lib/puma/request.rb:100:in `handle_request'
puma (7.1.0) lib/puma/server.rb:503:in `process_client'
puma (7.1.0) lib/puma/server.rb:262:in `block in run'
puma (7.1.0) lib/puma/thread_pool.rb:182:in `block in spawn_thread'

Information for cause: PG::ConnectionBad (connection to server on socket "/var/run/postgresql/.s.PGSQL.5432" failed: FATAL:  role "d10-tuantp-pc" does not exist
):
  
pg-1.6.2-x86_64 (linux) lib/pg/connection.rb:751:in `polling_loop'
pg-1.6.2-x86_64 (linux) lib/pg/connection.rb:795:in `async_connect_or_reset'
pg-1.6.2-x86_64 (linux) lib/pg/connection.rb:951:in `connect_to_hosts'
pg-1.6.2-x86_64 (linux) lib/pg/connection.rb:871:in `new'
pg-1.6.2-x86_64 (linux) lib/pg.rb:88:in `connect'
activerecord (8.1.1) lib/active_record/connection_adapters/postgresql_adapter.rb:58:in `new_client'
activerecord (8.1.1) lib/active_record/connection_adapters/postgresql_adapter.rb:955:in `connect'
activerecord (8.1.1) lib/active_record/connection_adapters/postgresql_adapter.rb:967:in `reconnect'
activerecord (8.1.1) lib/active_record/connection_adapters/abstract_adapter.rb:718:in `block in reconnect!'
activesupport (8.1.1) lib/active_support/concurrency/null_lock.rb:9:in `synchronize'
activerecord (8.1.1) lib/active_record/connection_adapters/abstract_adapter.rb:715:in `reconnect!'
activerecord (8.1.1) lib/active_record/connection_adapters/abstract_adapter.rb:825:in `block in verify!'
activesupport (8.1.1) lib/active_support/concurrency/null_lock.rb:9:in `synchronize'
activerecord (8.1.1) lib/active_record/connection_adapters/abstract_adapter.rb:814:in `verify!'
activerecord (8.1.1) lib/active_record/connection_adapters/abstract_adapter.rb:834:in `connect!'
activerecord (8.1.1) lib/active_record/connection_adapters/abstract_adapter.rb:1051:in `block in with_raw_connection'
activesupport (8.1.1) lib/active_support/concurrency/null_lock.rb:9:in `synchronize'
activerecord (8.1.1) lib/active_record/connection_adapters/abstract_adapter.rb:1050:in `with_raw_connection'
activerecord (8.1.1) lib/active_record/connection_adapters/postgresql/quoting.rb:128:in `quote_string'
activerecord (8.1.1) lib/active_record/connection_adapters/abstract/quoting.rb:75:in `quote'
activerecord (8.1.1) lib/active_record/connection_adapters/postgresql/quoting.rb:122:in `quote'
activerecord (8.1.1) lib/active_record/connection_adapters/postgresql/schema_statements.rb:1180:in `quoted_scope'
activerecord (8.1.1) lib/active_record/connection_adapters/postgresql/schema_statements.rb:1157:in `data_source_sql'
activerecord (8.1.1) lib/active_record/connection_adapters/abstract/schema_statements.rb:61:in `table_exists?'
activerecord (8.1.1) lib/active_record/schema_migration.rb:55:in `block in create_table'
activerecord (8.1.1) lib/active_record/connection_adapters/abstract/connection_pool.rb:463:in `with_connection'
activerecord (8.1.1) lib/active_record/schema_migration.rb:54:in `create_table'
activerecord (8.1.1) lib/active_record/migration.rb:1440:in `initialize'
activerecord (8.1.1) lib/active_record/migration.rb:1288:in `new'
activerecord (8.1.1) lib/active_record/migration.rb:1288:in `open'
activerecord (8.1.1) lib/active_record/migration.rb:763:in `block (2 levels) in pending_migrations'
activerecord (8.1.1) lib/active_record/migration/pending_migration_connection.rb:8:in `with_temporary_pool'
activerecord (8.1.1) lib/active_record/migration.rb:762:in `block in pending_migrations'
activerecord (8.1.1) lib/active_record/migration.rb:761:in `each'
activerecord (8.1.1) lib/active_record/migration.rb:761:in `pending_migrations'
activerecord (8.1.1) lib/active_record/migration.rb:740:in `check_pending_migrations'
activerecord (8.1.1) lib/active_record/migration.rb:660:in `block (2 levels) in call'
activesupport (8.1.1) lib/active_support/file_update_checker.rb:88:in `execute'
activerecord (8.1.1) lib/active_record/migration.rb:665:in `block in call'
activerecord (8.1.1) lib/active_record/migration.rb:657:in `synchronize'
activerecord (8.1.1) lib/active_record/migration.rb:657:in `call'
actionpack (8.1.1) lib/action_dispatch/middleware/callbacks.rb:31:in `block in call'
activesupport (8.1.1) lib/active_support/callbacks.rb:101:in `run_callbacks'
actionpack (8.1.1) lib/action_dispatch/middleware/callbacks.rb:30:in `call'
actionpack (8.1.1) lib/action_dispatch/middleware/executor.rb:20:in `call'
actionpack (8.1.1) lib/action_dispatch/middleware/actionable_exceptions.rb:18:in `call'
actionpack (8.1.1) lib/action_dispatch/middleware/debug_exceptions.rb:31:in `call'
actionpack (8.1.1) lib/action_dispatch/middleware/show_exceptions.rb:32:in `call'
railties (8.1.1) lib/rails/rack/logger.rb:41:in `call_app'
railties (8.1.1) lib/rails/rack/logger.rb:29:in `call'
actionpack (8.1.1) lib/action_dispatch/middleware/remote_ip.rb:98:in `call'
actionpack (8.1.1) lib/action_dispatch/middleware/request_id.rb:34:in `call'
rack (3.2.4) lib/rack/runtime.rb:24:in `call'
actionpack (8.1.1) lib/action_dispatch/middleware/server_timing.rb:61:in `block in call'
actionpack (8.1.1) lib/action_dispatch/middleware/server_timing.rb:26:in `collect_events'
actionpack (8.1.1) lib/action_dispatch/middleware/server_timing.rb:60:in `call'
actionpack (8.1.1) lib/action_dispatch/middleware/executor.rb:20:in `call'
actionpack (8.1.1) lib/action_dispatch/middleware/static.rb:27:in `call'
rack (3.2.4) lib/rack/sendfile.rb:131:in `call'
actionpack (8.1.1) lib/action_dispatch/middleware/host_authorization.rb:143:in `call'
railties (8.1.1) lib/rails/engine.rb:534:in `call'
puma (7.1.0) lib/puma/configuration.rb:300:in `call'
puma (7.1.0) lib/puma/request.rb:101:in `block in handle_request'
puma (7.1.0) lib/puma/thread_pool.rb:355:in `with_force_shutdown'
puma (7.1.0) lib/puma/request.rb:100:in `handle_request'
puma (7.1.0) lib/puma/server.rb:503:in `process_client'
puma (7.1.0) lib/puma/server.rb:262:in `block in run'
puma (7.1.0) lib/puma/thread_pool.rb:182:in `block in spawn_thread'
Started GET "/favicon.ico" for 127.0.0.1 at 2025-12-09 08:48:03 +0700
  
ActiveRecord::ConnectionNotEstablished (connection to server on socket "/var/run/postgresql/.s.PGSQL.5432" failed: FATAL:  role "d10-tuantp-pc" does not exist
)
Caused by: PG::ConnectionBad (connection to server on socket "/var/run/postgresql/.s.PGSQL.5432" failed: FATAL:  role "d10-tuantp-pc" does not exist
)

Information for: ActiveRecord::ConnectionNotEstablished (connection to server on socket "/var/run/postgresql/.s.PGSQL.5432" failed: FATAL:  role "d10-tuantp-pc" does not exist
):
  
activerecord (8.1.1) lib/active_record/connection_adapters/postgresql_adapter.rb:69:in `rescue in new_client'
activerecord (8.1.1) lib/active_record/connection_adapters/postgresql_adapter.rb:57:in `new_client'
activerecord (8.1.1) lib/active_record/connection_adapters/postgresql_adapter.rb:955:in `connect'
activerecord (8.1.1) lib/active_record/connection_adapters/postgresql_adapter.rb:967:in `reconnect'
activerecord (8.1.1) lib/active_record/connection_adapters/abstract_adapter.rb:718:in `block in reconnect!'
activesupport (8.1.1) lib/active_support/concurrency/null_lock.rb:9:in `synchronize'
activerecord (8.1.1) lib/active_record/connection_adapters/abstract_adapter.rb:715:in `reconnect!'
activerecord (8.1.1) lib/active_record/connection_adapters/abstract_adapter.rb:825:in `block in verify!'
activesupport (8.1.1) lib/active_support/concurrency/null_lock.rb:9:in `synchronize'
activerecord (8.1.1) lib/active_record/connection_adapters/abstract_adapter.rb:814:in `verify!'
activerecord (8.1.1) lib/active_record/connection_adapters/abstract_adapter.rb:834:in `connect!'
activerecord (8.1.1) lib/active_record/connection_adapters/abstract_adapter.rb:1051:in `block in with_raw_connection'
activesupport (8.1.1) lib/active_support/concurrency/null_lock.rb:9:in `synchronize'
activerecord (8.1.1) lib/active_record/connection_adapters/abstract_adapter.rb:1050:in `with_raw_connection'
activerecord (8.1.1) lib/active_record/connection_adapters/postgresql/quoting.rb:128:in `quote_string'
activerecord (8.1.1) lib/active_record/connection_adapters/abstract/quoting.rb:75:in `quote'
activerecord (8.1.1) lib/active_record/connection_adapters/postgresql/quoting.rb:122:in `quote'
activerecord (8.1.1) lib/active_record/connection_adapters/postgresql/schema_statements.rb:1180:in `quoted_scope'
activerecord (8.1.1) lib/active_record/connection_adapters/postgresql/schema_statements.rb:1157:in `data_source_sql'
activerecord (8.1.1) lib/active_record/connection_adapters/abstract/schema_statements.rb:61:in `table_exists?'
activerecord (8.1.1) lib/active_record/schema_migration.rb:55:in `block in create_table'
activerecord (8.1.1) lib/active_record/connection_adapters/abstract/connection_pool.rb:463:in `with_connection'
activerecord (8.1.1) lib/active_record/schema_migration.rb:54:in `create_table'
activerecord (8.1.1) lib/active_record/migration.rb:1440:in `initialize'
activerecord (8.1.1) lib/active_record/migration.rb:1288:in `new'
activerecord (8.1.1) lib/active_record/migration.rb:1288:in `open'
activerecord (8.1.1) lib/active_record/migration.rb:763:in `block (2 levels) in pending_migrations'
activerecord (8.1.1) lib/active_record/migration/pending_migration_connection.rb:8:in `with_temporary_pool'
activerecord (8.1.1) lib/active_record/migration.rb:762:in `block in pending_migrations'
activerecord (8.1.1) lib/active_record/migration.rb:761:in `each'
activerecord (8.1.1) lib/active_record/migration.rb:761:in `pending_migrations'
activerecord (8.1.1) lib/active_record/migration.rb:740:in `check_pending_migrations'
activerecord (8.1.1) lib/active_record/migration.rb:660:in `block (2 levels) in call'
activesupport (8.1.1) lib/active_support/file_update_checker.rb:88:in `execute'
activerecord (8.1.1) lib/active_record/migration.rb:665:in `block in call'
activerecord (8.1.1) lib/active_record/migration.rb:657:in `synchronize'
activerecord (8.1.1) lib/active_record/migration.rb:657:in `call'
actionpack (8.1.1) lib/action_dispatch/middleware/callbacks.rb:31:in `block in call'
activesupport (8.1.1) lib/active_support/callbacks.rb:101:in `run_callbacks'
actionpack (8.1.1) lib/action_dispatch/middleware/callbacks.rb:30:in `call'
actionpack (8.1.1) lib/action_dispatch/middleware/executor.rb:20:in `call'
actionpack (8.1.1) lib/action_dispatch/middleware/actionable_exceptions.rb:18:in `call'
actionpack (8.1.1) lib/action_dispatch/middleware/debug_exceptions.rb:31:in `call'
actionpack (8.1.1) lib/action_dispatch/middleware/show_exceptions.rb:32:in `call'
railties (8.1.1) lib/rails/rack/logger.rb:41:in `call_app'
railties (8.1.1) lib/rails/rack/logger.rb:29:in `call'
actionpack (8.1.1) lib/action_dispatch/middleware/remote_ip.rb:98:in `call'
actionpack (8.1.1) lib/action_dispatch/middleware/request_id.rb:34:in `call'
rack (3.2.4) lib/rack/runtime.rb:24:in `call'
actionpack (8.1.1) lib/action_dispatch/middleware/server_timing.rb:61:in `block in call'
actionpack (8.1.1) lib/action_dispatch/middleware/server_timing.rb:26:in `collect_events'
actionpack (8.1.1) lib/action_dispatch/middleware/server_timing.rb:60:in `call'
actionpack (8.1.1) lib/action_dispatch/middleware/executor.rb:20:in `call'
actionpack (8.1.1) lib/action_dispatch/middleware/static.rb:27:in `call'
rack (3.2.4) lib/rack/sendfile.rb:131:in `call'
actionpack (8.1.1) lib/action_dispatch/middleware/host_authorization.rb:143:in `call'
railties (8.1.1) lib/rails/engine.rb:534:in `call'
puma (7.1.0) lib/puma/configuration.rb:300:in `call'
puma (7.1.0) lib/puma/request.rb:101:in `block in handle_request'
puma (7.1.0) lib/puma/thread_pool.rb:355:in `with_force_shutdown'
puma (7.1.0) lib/puma/request.rb:100:in `handle_request'
puma (7.1.0) lib/puma/server.rb:503:in `process_client'
puma (7.1.0) lib/puma/server.rb:262:in `block in run'
puma (7.1.0) lib/puma/thread_pool.rb:182:in `block in spawn_thread'

Information for cause: PG::ConnectionBad (connection to server on socket "/var/run/postgresql/.s.PGSQL.5432" failed: FATAL:  role "d10-tuantp-pc" does not exist
):
  
pg-1.6.2-x86_64 (linux) lib/pg/connection.rb:751:in `polling_loop'
pg-1.6.2-x86_64 (linux) lib/pg/connection.rb:795:in `async_connect_or_reset'
pg-1.6.2-x86_64 (linux) lib/pg/connection.rb:951:in `connect_to_hosts'
pg-1.6.2-x86_64 (linux) lib/pg/connection.rb:871:in `new'
pg-1.6.2-x86_64 (linux) lib/pg.rb:88:in `connect'
activerecord (8.1.1) lib/active_record/connection_adapters/postgresql_adapter.rb:58:in `new_client'
activerecord (8.1.1) lib/active_record/connection_adapters/postgresql_adapter.rb:955:in `connect'
activerecord (8.1.1) lib/active_record/connection_adapters/postgresql_adapter.rb:967:in `reconnect'
activerecord (8.1.1) lib/active_record/connection_adapters/abstract_adapter.rb:718:in `block in reconnect!'
activesupport (8.1.1) lib/active_support/concurrency/null_lock.rb:9:in `synchronize'
activerecord (8.1.1) lib/active_record/connection_adapters/abstract_adapter.rb:715:in `reconnect!'
activerecord (8.1.1) lib/active_record/connection_adapters/abstract_adapter.rb:825:in `block in verify!'
activesupport (8.1.1) lib/active_support/concurrency/null_lock.rb:9:in `synchronize'
activerecord (8.1.1) lib/active_record/connection_adapters/abstract_adapter.rb:814:in `verify!'
activerecord (8.1.1) lib/active_record/connection_adapters/abstract_adapter.rb:834:in `connect!'
activerecord (8.1.1) lib/active_record/connection_adapters/abstract_adapter.rb:1051:in `block in with_raw_connection'
activesupport (8.1.1) lib/active_support/concurrency/null_lock.rb:9:in `synchronize'
activerecord (8.1.1) lib/active_record/connection_adapters/abstract_adapter.rb:1050:in `with_raw_connection'
activerecord (8.1.1) lib/active_record/connection_adapters/postgresql/quoting.rb:128:in `quote_string'
activerecord (8.1.1) lib/active_record/connection_adapters/abstract/quoting.rb:75:in `quote'
activerecord (8.1.1) lib/active_record/connection_adapters/postgresql/quoting.rb:122:in `quote'
activerecord (8.1.1) lib/active_record/connection_adapters/postgresql/schema_statements.rb:1180:in `quoted_scope'
activerecord (8.1.1) lib/active_record/connection_adapters/postgresql/schema_statements.rb:1157:in `data_source_sql'
activerecord (8.1.1) lib/active_record/connection_adapters/abstract/schema_statements.rb:61:in `table_exists?'
activerecord (8.1.1) lib/active_record/schema_migration.rb:55:in `block in create_table'
activerecord (8.1.1) lib/active_record/connection_adapters/abstract/connection_pool.rb:463:in `with_connection'
activerecord (8.1.1) lib/active_record/schema_migration.rb:54:in `create_table'
activerecord (8.1.1) lib/active_record/migration.rb:1440:in `initialize'
activerecord (8.1.1) lib/active_record/migration.rb:1288:in `new'
activerecord (8.1.1) lib/active_record/migration.rb:1288:in `open'
activerecord (8.1.1) lib/active_record/migration.rb:763:in `block (2 levels) in pending_migrations'
activerecord (8.1.1) lib/active_record/migration/pending_migration_connection.rb:8:in `with_temporary_pool'
activerecord (8.1.1) lib/active_record/migration.rb:762:in `block in pending_migrations'
activerecord (8.1.1) lib/active_record/migration.rb:761:in `each'
activerecord (8.1.1) lib/active_record/migration.rb:761:in `pending_migrations'
activerecord (8.1.1) lib/active_record/migration.rb:740:in `check_pending_migrations'
activerecord (8.1.1) lib/active_record/migration.rb:660:in `block (2 levels) in call'
activesupport (8.1.1) lib/active_support/file_update_checker.rb:88:in `execute'
activerecord (8.1.1) lib/active_record/migration.rb:665:in `block in call'
activerecord (8.1.1) lib/active_record/migration.rb:657:in `synchronize'
activerecord (8.1.1) lib/active_record/migration.rb:657:in `call'
actionpack (8.1.1) lib/action_dispatch/middleware/callbacks.rb:31:in `block in call'
activesupport (8.1.1) lib/active_support/callbacks.rb:101:in `run_callbacks'
actionpack (8.1.1) lib/action_dispatch/middleware/callbacks.rb:30:in `call'
actionpack (8.1.1) lib/action_dispatch/middleware/executor.rb:20:in `call'
actionpack (8.1.1) lib/action_dispatch/middleware/actionable_exceptions.rb:18:in `call'
actionpack (8.1.1) lib/action_dispatch/middleware/debug_exceptions.rb:31:in `call'
actionpack (8.1.1) lib/action_dispatch/middleware/show_exceptions.rb:32:in `call'
railties (8.1.1) lib/rails/rack/logger.rb:41:in `call_app'
railties (8.1.1) lib/rails/rack/logger.rb:29:in `call'
actionpack (8.1.1) lib/action_dispatch/middleware/remote_ip.rb:98:in `call'
actionpack (8.1.1) lib/action_dispatch/middleware/request_id.rb:34:in `call'
rack (3.2.4) lib/rack/runtime.rb:24:in `call'
actionpack (8.1.1) lib/action_dispatch/middleware/server_timing.rb:61:in `block in call'
actionpack (8.1.1) lib/action_dispatch/middleware/server_timing.rb:26:in `collect_events'
actionpack (8.1.1) lib/action_dispatch/middleware/server_timing.rb:60:in `call'
actionpack (8.1.1) lib/action_dispatch/middleware/executor.rb:20:in `call'
actionpack (8.1.1) lib/action_dispatch/middleware/static.rb:27:in `call'
rack (3.2.4) lib/rack/sendfile.rb:131:in `call'
actionpack (8.1.1) lib/action_dispatch/middleware/host_authorization.rb:143:in `call'
railties (8.1.1) lib/rails/engine.rb:534:in `call'
puma (7.1.0) lib/puma/configuration.rb:300:in `call'
puma (7.1.0) lib/puma/request.rb:101:in `block in handle_request'
puma (7.1.0) lib/puma/thread_pool.rb:355:in `with_force_shutdown'
puma (7.1.0) lib/puma/request.rb:100:in `handle_request'
puma (7.1.0) lib/puma/server.rb:503:in `process_client'
puma (7.1.0) lib/puma/server.rb:262:in `block in run'
puma (7.1.0) lib/puma/thread_pool.rb:182:in `block in spawn_thread'
Started GET "/" for 127.0.0.1 at 2025-12-09 08:48:05 +0700
  
ActiveRecord::ConnectionNotEstablished (connection to server on socket "/var/run/postgresql/.s.PGSQL.5432" failed: FATAL:  role "d10-tuantp-pc" does not exist
)
Caused by: PG::ConnectionBad (connection to server on socket "/var/run/postgresql/.s.PGSQL.5432" failed: FATAL:  role "d10-tuantp-pc" does not exist
)

Information for: ActiveRecord::ConnectionNotEstablished (connection to server on socket "/var/run/postgresql/.s.PGSQL.5432" failed: FATAL:  role "d10-tuantp-pc" does not exist
):
  
activerecord (8.1.1) lib/active_record/connection_adapters/postgresql_adapter.rb:69:in `rescue in new_client'
activerecord (8.1.1) lib/active_record/connection_adapters/postgresql_adapter.rb:57:in `new_client'
activerecord (8.1.1) lib/active_record/connection_adapters/postgresql_adapter.rb:955:in `connect'
activerecord (8.1.1) lib/active_record/connection_adapters/postgresql_adapter.rb:967:in `reconnect'
activerecord (8.1.1) lib/active_record/connection_adapters/abstract_adapter.rb:718:in `block in reconnect!'
activesupport (8.1.1) lib/active_support/concurrency/null_lock.rb:9:in `synchronize'
activerecord (8.1.1) lib/active_record/connection_adapters/abstract_adapter.rb:715:in `reconnect!'
activerecord (8.1.1) lib/active_record/connection_adapters/abstract_adapter.rb:825:in `block in verify!'
activesupport (8.1.1) lib/active_support/concurrency/null_lock.rb:9:in `synchronize'
activerecord (8.1.1) lib/active_record/connection_adapters/abstract_adapter.rb:814:in `verify!'
activerecord (8.1.1) lib/active_record/connection_adapters/abstract_adapter.rb:834:in `connect!'
activerecord (8.1.1) lib/active_record/connection_adapters/abstract_adapter.rb:1051:in `block in with_raw_connection'
activesupport (8.1.1) lib/active_support/concurrency/null_lock.rb:9:in `synchronize'
activerecord (8.1.1) lib/active_record/connection_adapters/abstract_adapter.rb:1050:in `with_raw_connection'
activerecord (8.1.1) lib/active_record/connection_adapters/postgresql/quoting.rb:128:in `quote_string'
activerecord (8.1.1) lib/active_record/connection_adapters/abstract/quoting.rb:75:in `quote'
activerecord (8.1.1) lib/active_record/connection_adapters/postgresql/quoting.rb:122:in `quote'
activerecord (8.1.1) lib/active_record/connection_adapters/postgresql/schema_statements.rb:1180:in `quoted_scope'
activerecord (8.1.1) lib/active_record/connection_adapters/postgresql/schema_statements.rb:1157:in `data_source_sql'
activerecord (8.1.1) lib/active_record/connection_adapters/abstract/schema_statements.rb:61:in `table_exists?'
activerecord (8.1.1) lib/active_record/schema_migration.rb:55:in `block in create_table'
activerecord (8.1.1) lib/active_record/connection_adapters/abstract/connection_pool.rb:463:in `with_connection'
activerecord (8.1.1) lib/active_record/schema_migration.rb:54:in `create_table'
activerecord (8.1.1) lib/active_record/migration.rb:1440:in `initialize'
activerecord (8.1.1) lib/active_record/migration.rb:1288:in `new'
activerecord (8.1.1) lib/active_record/migration.rb:1288:in `open'
activerecord (8.1.1) lib/active_record/migration.rb:763:in `block (2 levels) in pending_migrations'
activerecord (8.1.1) lib/active_record/migration/pending_migration_connection.rb:8:in `with_temporary_pool'
activerecord (8.1.1) lib/active_record/migration.rb:762:in `block in pending_migrations'
activerecord (8.1.1) lib/active_record/migration.rb:761:in `each'
activerecord (8.1.1) lib/active_record/migration.rb:761:in `pending_migrations'
activerecord (8.1.1) lib/active_record/migration.rb:740:in `check_pending_migrations'
activerecord (8.1.1) lib/active_record/migration.rb:660:in `block (2 levels) in call'
activesupport (8.1.1) lib/active_support/file_update_checker.rb:88:in `execute'
activerecord (8.1.1) lib/active_record/migration.rb:665:in `block in call'
activerecord (8.1.1) lib/active_record/migration.rb:657:in `synchronize'
activerecord (8.1.1) lib/active_record/migration.rb:657:in `call'
actionpack (8.1.1) lib/action_dispatch/middleware/callbacks.rb:31:in `block in call'
activesupport (8.1.1) lib/active_support/callbacks.rb:101:in `run_callbacks'
actionpack (8.1.1) lib/action_dispatch/middleware/callbacks.rb:30:in `call'
actionpack (8.1.1) lib/action_dispatch/middleware/executor.rb:20:in `call'
actionpack (8.1.1) lib/action_dispatch/middleware/actionable_exceptions.rb:18:in `call'
actionpack (8.1.1) lib/action_dispatch/middleware/debug_exceptions.rb:31:in `call'
actionpack (8.1.1) lib/action_dispatch/middleware/show_exceptions.rb:32:in `call'
railties (8.1.1) lib/rails/rack/logger.rb:41:in `call_app'
railties (8.1.1) lib/rails/rack/logger.rb:29:in `call'
actionpack (8.1.1) lib/action_dispatch/middleware/remote_ip.rb:98:in `call'
actionpack (8.1.1) lib/action_dispatch/middleware/request_id.rb:34:in `call'
rack (3.2.4) lib/rack/runtime.rb:24:in `call'
actionpack (8.1.1) lib/action_dispatch/middleware/server_timing.rb:61:in `block in call'
actionpack (8.1.1) lib/action_dispatch/middleware/server_timing.rb:26:in `collect_events'
actionpack (8.1.1) lib/action_dispatch/middleware/server_timing.rb:60:in `call'
actionpack (8.1.1) lib/action_dispatch/middleware/executor.rb:20:in `call'
actionpack (8.1.1) lib/action_dispatch/middleware/static.rb:27:in `call'
rack (3.2.4) lib/rack/sendfile.rb:131:in `call'
actionpack (8.1.1) lib/action_dispatch/middleware/host_authorization.rb:143:in `call'
railties (8.1.1) lib/rails/engine.rb:534:in `call'
puma (7.1.0) lib/puma/configuration.rb:300:in `call'
puma (7.1.0) lib/puma/request.rb:101:in `block in handle_request'
puma (7.1.0) lib/puma/thread_pool.rb:355:in `with_force_shutdown'
puma (7.1.0) lib/puma/request.rb:100:in `handle_request'
puma (7.1.0) lib/puma/server.rb:503:in `process_client'
puma (7.1.0) lib/puma/server.rb:262:in `block in run'
puma (7.1.0) lib/puma/thread_pool.rb:182:in `block in spawn_thread'

Information for cause: PG::ConnectionBad (connection to server on socket "/var/run/postgresql/.s.PGSQL.5432" failed: FATAL:  role "d10-tuantp-pc" does not exist
):
  
pg-1.6.2-x86_64 (linux) lib/pg/connection.rb:751:in `polling_loop'
pg-1.6.2-x86_64 (linux) lib/pg/connection.rb:795:in `async_connect_or_reset'
pg-1.6.2-x86_64 (linux) lib/pg/connection.rb:951:in `connect_to_hosts'
pg-1.6.2-x86_64 (linux) lib/pg/connection.rb:871:in `new'
pg-1.6.2-x86_64 (linux) lib/pg.rb:88:in `connect'
activerecord (8.1.1) lib/active_record/connection_adapters/postgresql_adapter.rb:58:in `new_client'
activerecord (8.1.1) lib/active_record/connection_adapters/postgresql_adapter.rb:955:in `connect'
activerecord (8.1.1) lib/active_record/connection_adapters/postgresql_adapter.rb:967:in `reconnect'
activerecord (8.1.1) lib/active_record/connection_adapters/abstract_adapter.rb:718:in `block in reconnect!'
activesupport (8.1.1) lib/active_support/concurrency/null_lock.rb:9:in `synchronize'
activerecord (8.1.1) lib/active_record/connection_adapters/abstract_adapter.rb:715:in `reconnect!'
activerecord (8.1.1) lib/active_record/connection_adapters/abstract_adapter.rb:825:in `block in verify!'
activesupport (8.1.1) lib/active_support/concurrency/null_lock.rb:9:in `synchronize'
activerecord (8.1.1) lib/active_record/connection_adapters/abstract_adapter.rb:814:in `verify!'
activerecord (8.1.1) lib/active_record/connection_adapters/abstract_adapter.rb:834:in `connect!'
activerecord (8.1.1) lib/active_record/connection_adapters/abstract_adapter.rb:1051:in `block in with_raw_connection'
activesupport (8.1.1) lib/active_support/concurrency/null_lock.rb:9:in `synchronize'
activerecord (8.1.1) lib/active_record/connection_adapters/abstract_adapter.rb:1050:in `with_raw_connection'
activerecord (8.1.1) lib/active_record/connection_adapters/postgresql/quoting.rb:128:in `quote_string'
activerecord (8.1.1) lib/active_record/connection_adapters/abstract/quoting.rb:75:in `quote'
activerecord (8.1.1) lib/active_record/connection_adapters/postgresql/quoting.rb:122:in `quote'
activerecord (8.1.1) lib/active_record/connection_adapters/postgresql/schema_statements.rb:1180:in `quoted_scope'
activerecord (8.1.1) lib/active_record/connection_adapters/postgresql/schema_statements.rb:1157:in `data_source_sql'
activerecord (8.1.1) lib/active_record/connection_adapters/abstract/schema_statements.rb:61:in `table_exists?'
activerecord (8.1.1) lib/active_record/schema_migration.rb:55:in `block in create_table'
activerecord (8.1.1) lib/active_record/connection_adapters/abstract/connection_pool.rb:463:in `with_connection'
activerecord (8.1.1) lib/active_record/schema_migration.rb:54:in `create_table'
activerecord (8.1.1) lib/active_record/migration.rb:1440:in `initialize'
activerecord (8.1.1) lib/active_record/migration.rb:1288:in `new'
activerecord (8.1.1) lib/active_record/migration.rb:1288:in `open'
activerecord (8.1.1) lib/active_record/migration.rb:763:in `block (2 levels) in pending_migrations'
activerecord (8.1.1) lib/active_record/migration/pending_migration_connection.rb:8:in `with_temporary_pool'
activerecord (8.1.1) lib/active_record/migration.rb:762:in `block in pending_migrations'
activerecord (8.1.1) lib/active_record/migration.rb:761:in `each'
activerecord (8.1.1) lib/active_record/migration.rb:761:in `pending_migrations'
activerecord (8.1.1) lib/active_record/migration.rb:740:in `check_pending_migrations'
activerecord (8.1.1) lib/active_record/migration.rb:660:in `block (2 levels) in call'
activesupport (8.1.1) lib/active_support/file_update_checker.rb:88:in `execute'
activerecord (8.1.1) lib/active_record/migration.rb:665:in `block in call'
activerecord (8.1.1) lib/active_record/migration.rb:657:in `synchronize'
activerecord (8.1.1) lib/active_record/migration.rb:657:in `call'
actionpack (8.1.1) lib/action_dispatch/middleware/callbacks.rb:31:in `block in call'
activesupport (8.1.1) lib/active_support/callbacks.rb:101:in `run_callbacks'
actionpack (8.1.1) lib/action_dispatch/middleware/callbacks.rb:30:in `call'
actionpack (8.1.1) lib/action_dispatch/middleware/executor.rb:20:in `call'
actionpack (8.1.1) lib/action_dispatch/middleware/actionable_exceptions.rb:18:in `call'
actionpack (8.1.1) lib/action_dispatch/middleware/debug_exceptions.rb:31:in `call'
actionpack (8.1.1) lib/action_dispatch/middleware/show_exceptions.rb:32:in `call'
railties (8.1.1) lib/rails/rack/logger.rb:41:in `call_app'
railties (8.1.1) lib/rails/rack/logger.rb:29:in `call'
actionpack (8.1.1) lib/action_dispatch/middleware/remote_ip.rb:98:in `call'
actionpack (8.1.1) lib/action_dispatch/middleware/request_id.rb:34:in `call'
rack (3.2.4) lib/rack/runtime.rb:24:in `call'
actionpack (8.1.1) lib/action_dispatch/middleware/server_timing.rb:61:in `block in call'
actionpack (8.1.1) lib/action_dispatch/middleware/server_timing.rb:26:in `collect_events'
actionpack (8.1.1) lib/action_dispatch/middleware/server_timing.rb:60:in `call'
actionpack (8.1.1) lib/action_dispatch/middleware/executor.rb:20:in `call'
actionpack (8.1.1) lib/action_dispatch/middleware/static.rb:27:in `call'
rack (3.2.4) lib/rack/sendfile.rb:131:in `call'
actionpack (8.1.1) lib/action_dispatch/middleware/host_authorization.rb:143:in `call'
railties (8.1.1) lib/rails/engine.rb:534:in `call'
puma (7.1.0) lib/puma/configuration.rb:300:in `call'
puma (7.1.0) lib/puma/request.rb:101:in `block in handle_request'
puma (7.1.0) lib/puma/thread_pool.rb:355:in `with_force_shutdown'
puma (7.1.0) lib/puma/request.rb:100:in `handle_request'
puma (7.1.0) lib/puma/server.rb:503:in `process_client'
puma (7.1.0) lib/puma/server.rb:262:in `block in run'
puma (7.1.0) lib/puma/thread_pool.rb:182:in `block in spawn_thread'
Started GET "/favicon.ico" for 127.0.0.1 at 2025-12-09 08:48:06 +0700
  
ActiveRecord::ConnectionNotEstablished (connection to server on socket "/var/run/postgresql/.s.PGSQL.5432" failed: FATAL:  role "d10-tuantp-pc" does not exist
)
Caused by: PG::ConnectionBad (connection to server on socket "/var/run/postgresql/.s.PGSQL.5432" failed: FATAL:  role "d10-tuantp-pc" does not exist
)

Information for: ActiveRecord::ConnectionNotEstablished (connection to server on socket "/var/run/postgresql/.s.PGSQL.5432" failed: FATAL:  role "d10-tuantp-pc" does not exist
):
  
activerecord (8.1.1) lib/active_record/connection_adapters/postgresql_adapter.rb:69:in `rescue in new_client'
activerecord (8.1.1) lib/active_record/connection_adapters/postgresql_adapter.rb:57:in `new_client'
activerecord (8.1.1) lib/active_record/connection_adapters/postgresql_adapter.rb:955:in `connect'
activerecord (8.1.1) lib/active_record/connection_adapters/postgresql_adapter.rb:967:in `reconnect'
activerecord (8.1.1) lib/active_record/connection_adapters/abstract_adapter.rb:718:in `block in reconnect!'
activesupport (8.1.1) lib/active_support/concurrency/null_lock.rb:9:in `synchronize'
activerecord (8.1.1) lib/active_record/connection_adapters/abstract_adapter.rb:715:in `reconnect!'
activerecord (8.1.1) lib/active_record/connection_adapters/abstract_adapter.rb:825:in `block in verify!'
activesupport (8.1.1) lib/active_support/concurrency/null_lock.rb:9:in `synchronize'
activerecord (8.1.1) lib/active_record/connection_adapters/abstract_adapter.rb:814:in `verify!'
activerecord (8.1.1) lib/active_record/connection_adapters/abstract_adapter.rb:834:in `connect!'
activerecord (8.1.1) lib/active_record/connection_adapters/abstract_adapter.rb:1051:in `block in with_raw_connection'
activesupport (8.1.1) lib/active_support/concurrency/null_lock.rb:9:in `synchronize'
activerecord (8.1.1) lib/active_record/connection_adapters/abstract_adapter.rb:1050:in `with_raw_connection'
activerecord (8.1.1) lib/active_record/connection_adapters/postgresql/quoting.rb:128:in `quote_string'
activerecord (8.1.1) lib/active_record/connection_adapters/abstract/quoting.rb:75:in `quote'
activerecord (8.1.1) lib/active_record/connection_adapters/postgresql/quoting.rb:122:in `quote'
activerecord (8.1.1) lib/active_record/connection_adapters/postgresql/schema_statements.rb:1180:in `quoted_scope'
activerecord (8.1.1) lib/active_record/connection_adapters/postgresql/schema_statements.rb:1157:in `data_source_sql'
activerecord (8.1.1) lib/active_record/connection_adapters/abstract/schema_statements.rb:61:in `table_exists?'
activerecord (8.1.1) lib/active_record/schema_migration.rb:55:in `block in create_table'
activerecord (8.1.1) lib/active_record/connection_adapters/abstract/connection_pool.rb:463:in `with_connection'
activerecord (8.1.1) lib/active_record/schema_migration.rb:54:in `create_table'
activerecord (8.1.1) lib/active_record/migration.rb:1440:in `initialize'
activerecord (8.1.1) lib/active_record/migration.rb:1288:in `new'
activerecord (8.1.1) lib/active_record/migration.rb:1288:in `open'
activerecord (8.1.1) lib/active_record/migration.rb:763:in `block (2 levels) in pending_migrations'
activerecord (8.1.1) lib/active_record/migration/pending_migration_connection.rb:8:in `with_temporary_pool'
activerecord (8.1.1) lib/active_record/migration.rb:762:in `block in pending_migrations'
activerecord (8.1.1) lib/active_record/migration.rb:761:in `each'
activerecord (8.1.1) lib/active_record/migration.rb:761:in `pending_migrations'
activerecord (8.1.1) lib/active_record/migration.rb:740:in `check_pending_migrations'
activerecord (8.1.1) lib/active_record/migration.rb:660:in `block (2 levels) in call'
activesupport (8.1.1) lib/active_support/file_update_checker.rb:88:in `execute'
activerecord (8.1.1) lib/active_record/migration.rb:665:in `block in call'
activerecord (8.1.1) lib/active_record/migration.rb:657:in `synchronize'
activerecord (8.1.1) lib/active_record/migration.rb:657:in `call'
actionpack (8.1.1) lib/action_dispatch/middleware/callbacks.rb:31:in `block in call'
activesupport (8.1.1) lib/active_support/callbacks.rb:101:in `run_callbacks'
actionpack (8.1.1) lib/action_dispatch/middleware/callbacks.rb:30:in `call'
actionpack (8.1.1) lib/action_dispatch/middleware/executor.rb:20:in `call'
actionpack (8.1.1) lib/action_dispatch/middleware/actionable_exceptions.rb:18:in `call'
actionpack (8.1.1) lib/action_dispatch/middleware/debug_exceptions.rb:31:in `call'
actionpack (8.1.1) lib/action_dispatch/middleware/show_exceptions.rb:32:in `call'
railties (8.1.1) lib/rails/rack/logger.rb:41:in `call_app'
railties (8.1.1) lib/rails/rack/logger.rb:29:in `call'
actionpack (8.1.1) lib/action_dispatch/middleware/remote_ip.rb:98:in `call'
actionpack (8.1.1) lib/action_dispatch/middleware/request_id.rb:34:in `call'
rack (3.2.4) lib/rack/runtime.rb:24:in `call'
actionpack (8.1.1) lib/action_dispatch/middleware/server_timing.rb:61:in `block in call'
actionpack (8.1.1) lib/action_dispatch/middleware/server_timing.rb:26:in `collect_events'
actionpack (8.1.1) lib/action_dispatch/middleware/server_timing.rb:60:in `call'
actionpack (8.1.1) lib/action_dispatch/middleware/executor.rb:20:in `call'
actionpack (8.1.1) lib/action_dispatch/middleware/static.rb:27:in `call'
rack (3.2.4) lib/rack/sendfile.rb:131:in `call'
actionpack (8.1.1) lib/action_dispatch/middleware/host_authorization.rb:143:in `call'
railties (8.1.1) lib/rails/engine.rb:534:in `call'
puma (7.1.0) lib/puma/configuration.rb:300:in `call'
puma (7.1.0) lib/puma/request.rb:101:in `block in handle_request'
puma (7.1.0) lib/puma/thread_pool.rb:355:in `with_force_shutdown'
puma (7.1.0) lib/puma/request.rb:100:in `handle_request'
puma (7.1.0) lib/puma/server.rb:503:in `process_client'
puma (7.1.0) lib/puma/server.rb:262:in `block in run'
puma (7.1.0) lib/puma/thread_pool.rb:182:in `block in spawn_thread'

Information for cause: PG::ConnectionBad (connection to server on socket "/var/run/postgresql/.s.PGSQL.5432" failed: FATAL:  role "d10-tuantp-pc" does not exist
):
  
pg-1.6.2-x86_64 (linux) lib/pg/connection.rb:751:in `polling_loop'
pg-1.6.2-x86_64 (linux) lib/pg/connection.rb:795:in `async_connect_or_reset'
pg-1.6.2-x86_64 (linux) lib/pg/connection.rb:951:in `connect_to_hosts'
pg-1.6.2-x86_64 (linux) lib/pg/connection.rb:871:in `new'
pg-1.6.2-x86_64 (linux) lib/pg.rb:88:in `connect'
activerecord (8.1.1) lib/active_record/connection_adapters/postgresql_adapter.rb:58:in `new_client'
activerecord (8.1.1) lib/active_record/connection_adapters/postgresql_adapter.rb:955:in `connect'
activerecord (8.1.1) lib/active_record/connection_adapters/postgresql_adapter.rb:967:in `reconnect'
activerecord (8.1.1) lib/active_record/connection_adapters/abstract_adapter.rb:718:in `block in reconnect!'
activesupport (8.1.1) lib/active_support/concurrency/null_lock.rb:9:in `synchronize'
activerecord (8.1.1) lib/active_record/connection_adapters/abstract_adapter.rb:715:in `reconnect!'
activerecord (8.1.1) lib/active_record/connection_adapters/abstract_adapter.rb:825:in `block in verify!'
activesupport (8.1.1) lib/active_support/concurrency/null_lock.rb:9:in `synchronize'
activerecord (8.1.1) lib/active_record/connection_adapters/abstract_adapter.rb:814:in `verify!'
activerecord (8.1.1) lib/active_record/connection_adapters/abstract_adapter.rb:834:in `connect!'
activerecord (8.1.1) lib/active_record/connection_adapters/abstract_adapter.rb:1051:in `block in with_raw_connection'
activesupport (8.1.1) lib/active_support/concurrency/null_lock.rb:9:in `synchronize'
activerecord (8.1.1) lib/active_record/connection_adapters/abstract_adapter.rb:1050:in `with_raw_connection'
activerecord (8.1.1) lib/active_record/connection_adapters/postgresql/quoting.rb:128:in `quote_string'
activerecord (8.1.1) lib/active_record/connection_adapters/abstract/quoting.rb:75:in `quote'
activerecord (8.1.1) lib/active_record/connection_adapters/postgresql/quoting.rb:122:in `quote'
activerecord (8.1.1) lib/active_record/connection_adapters/postgresql/schema_statements.rb:1180:in `quoted_scope'
activerecord (8.1.1) lib/active_record/connection_adapters/postgresql/schema_statements.rb:1157:in `data_source_sql'
activerecord (8.1.1) lib/active_record/connection_adapters/abstract/schema_statements.rb:61:in `table_exists?'
activerecord (8.1.1) lib/active_record/schema_migration.rb:55:in `block in create_table'
activerecord (8.1.1) lib/active_record/connection_adapters/abstract/connection_pool.rb:463:in `with_connection'
activerecord (8.1.1) lib/active_record/schema_migration.rb:54:in `create_table'
activerecord (8.1.1) lib/active_record/migration.rb:1440:in `initialize'
activerecord (8.1.1) lib/active_record/migration.rb:1288:in `new'
activerecord (8.1.1) lib/active_record/migration.rb:1288:in `open'
activerecord (8.1.1) lib/active_record/migration.rb:763:in `block (2 levels) in pending_migrations'
activerecord (8.1.1) lib/active_record/migration/pending_migration_connection.rb:8:in `with_temporary_pool'
activerecord (8.1.1) lib/active_record/migration.rb:762:in `block in pending_migrations'
activerecord (8.1.1) lib/active_record/migration.rb:761:in `each'
activerecord (8.1.1) lib/active_record/migration.rb:761:in `pending_migrations'
activerecord (8.1.1) lib/active_record/migration.rb:740:in `check_pending_migrations'
activerecord (8.1.1) lib/active_record/migration.rb:660:in `block (2 levels) in call'
activesupport (8.1.1) lib/active_support/file_update_checker.rb:88:in `execute'
activerecord (8.1.1) lib/active_record/migration.rb:665:in `block in call'
activerecord (8.1.1) lib/active_record/migration.rb:657:in `synchronize'
activerecord (8.1.1) lib/active_record/migration.rb:657:in `call'
actionpack (8.1.1) lib/action_dispatch/middleware/callbacks.rb:31:in `block in call'
activesupport (8.1.1) lib/active_support/callbacks.rb:101:in `run_callbacks'
actionpack (8.1.1) lib/action_dispatch/middleware/callbacks.rb:30:in `call'
actionpack (8.1.1) lib/action_dispatch/middleware/executor.rb:20:in `call'
actionpack (8.1.1) lib/action_dispatch/middleware/actionable_exceptions.rb:18:in `call'
actionpack (8.1.1) lib/action_dispatch/middleware/debug_exceptions.rb:31:in `call'
actionpack (8.1.1) lib/action_dispatch/middleware/show_exceptions.rb:32:in `call'
railties (8.1.1) lib/rails/rack/logger.rb:41:in `call_app'
railties (8.1.1) lib/rails/rack/logger.rb:29:in `call'
actionpack (8.1.1) lib/action_dispatch/middleware/remote_ip.rb:98:in `call'
actionpack (8.1.1) lib/action_dispatch/middleware/request_id.rb:34:in `call'
rack (3.2.4) lib/rack/runtime.rb:24:in `call'
actionpack (8.1.1) lib/action_dispatch/middleware/server_timing.rb:61:in `block in call'
actionpack (8.1.1) lib/action_dispatch/middleware/server_timing.rb:26:in `collect_events'
actionpack (8.1.1) lib/action_dispatch/middleware/server_timing.rb:60:in `call'
actionpack (8.1.1) lib/action_dispatch/middleware/executor.rb:20:in `call'
actionpack (8.1.1) lib/action_dispatch/middleware/static.rb:27:in `call'
rack (3.2.4) lib/rack/sendfile.rb:131:in `call'
actionpack (8.1.1) lib/action_dispatch/middleware/host_authorization.rb:143:in `call'
railties (8.1.1) lib/rails/engine.rb:534:in `call'
puma (7.1.0) lib/puma/configuration.rb:300:in `call'
puma (7.1.0) lib/puma/request.rb:101:in `block in handle_request'
puma (7.1.0) lib/puma/thread_pool.rb:355:in `with_force_shutdown'
puma (7.1.0) lib/puma/request.rb:100:in `handle_request'
puma (7.1.0) lib/puma/server.rb:503:in `process_client'
puma (7.1.0) lib/puma/server.rb:262:in `block in run'
puma (7.1.0) lib/puma/thread_pool.rb:182:in `block in spawn_thread'
[dotenv] Loaded [33m.env[0m
[dotenv] Loaded [33m.env[0m
[dotenv] Loaded [33m.env[0m
[dotenv] Loaded [33m.env[0m
Started GET "/" for 127.0.0.1 at 2025-12-09 09:20:31 +0700
  
ActiveRecord::ConnectionNotEstablished (connection to server on socket "/var/run/postgresql/.s.PGSQL.5432" failed: FATAL:  role "d10-tuantp-pc" does not exist
)
Caused by: PG::ConnectionBad (connection to server on socket "/var/run/postgresql/.s.PGSQL.5432" failed: FATAL:  role "d10-tuantp-pc" does not exist
)

Information for: ActiveRecord::ConnectionNotEstablished (connection to server on socket "/var/run/postgresql/.s.PGSQL.5432" failed: FATAL:  role "d10-tuantp-pc" does not exist
):
  
activerecord (8.1.1) lib/active_record/connection_adapters/postgresql_adapter.rb:69:in `rescue in new_client'
activerecord (8.1.1) lib/active_record/connection_adapters/postgresql_adapter.rb:57:in `new_client'
activerecord (8.1.1) lib/active_record/connection_adapters/postgresql_adapter.rb:955:in `connect'
activerecord (8.1.1) lib/active_record/connection_adapters/postgresql_adapter.rb:967:in `reconnect'
activerecord (8.1.1) lib/active_record/connection_adapters/abstract_adapter.rb:718:in `block in reconnect!'
activesupport (8.1.1) lib/active_support/concurrency/null_lock.rb:9:in `synchronize'
activerecord (8.1.1) lib/active_record/connection_adapters/abstract_adapter.rb:715:in `reconnect!'
activerecord (8.1.1) lib/active_record/connection_adapters/abstract_adapter.rb:825:in `block in verify!'
activesupport (8.1.1) lib/active_support/concurrency/null_lock.rb:9:in `synchronize'
activerecord (8.1.1) lib/active_record/connection_adapters/abstract_adapter.rb:814:in `verify!'
activerecord (8.1.1) lib/active_record/connection_adapters/abstract_adapter.rb:834:in `connect!'
activerecord (8.1.1) lib/active_record/connection_adapters/abstract_adapter.rb:1051:in `block in with_raw_connection'
activesupport (8.1.1) lib/active_support/concurrency/null_lock.rb:9:in `synchronize'
activerecord (8.1.1) lib/active_record/connection_adapters/abstract_adapter.rb:1050:in `with_raw_connection'
activerecord (8.1.1) lib/active_record/connection_adapters/postgresql/quoting.rb:128:in `quote_string'
activerecord (8.1.1) lib/active_record/connection_adapters/abstract/quoting.rb:75:in `quote'
activerecord (8.1.1) lib/active_record/connection_adapters/postgresql/quoting.rb:122:in `quote'
activerecord (8.1.1) lib/active_record/connection_adapters/postgresql/schema_statements.rb:1180:in `quoted_scope'
activerecord (8.1.1) lib/active_record/connection_adapters/postgresql/schema_statements.rb:1157:in `data_source_sql'
activerecord (8.1.1) lib/active_record/connection_adapters/abstract/schema_statements.rb:61:in `table_exists?'
activerecord (8.1.1) lib/active_record/schema_migration.rb:55:in `block in create_table'
activerecord (8.1.1) lib/active_record/connection_adapters/abstract/connection_pool.rb:463:in `with_connection'
activerecord (8.1.1) lib/active_record/schema_migration.rb:54:in `create_table'
activerecord (8.1.1) lib/active_record/migration.rb:1440:in `initialize'
activerecord (8.1.1) lib/active_record/migration.rb:1288:in `new'
activerecord (8.1.1) lib/active_record/migration.rb:1288:in `open'
activerecord (8.1.1) lib/active_record/migration.rb:763:in `block (2 levels) in pending_migrations'
activerecord (8.1.1) lib/active_record/migration/pending_migration_connection.rb:8:in `with_temporary_pool'
activerecord (8.1.1) lib/active_record/migration.rb:762:in `block in pending_migrations'
activerecord (8.1.1) lib/active_record/migration.rb:761:in `each'
activerecord (8.1.1) lib/active_record/migration.rb:761:in `pending_migrations'
activerecord (8.1.1) lib/active_record/migration.rb:740:in `check_pending_migrations'
activerecord (8.1.1) lib/active_record/migration.rb:660:in `block (2 levels) in call'
activesupport (8.1.1) lib/active_support/file_update_checker.rb:88:in `execute'
activerecord (8.1.1) lib/active_record/migration.rb:665:in `block in call'
activerecord (8.1.1) lib/active_record/migration.rb:657:in `synchronize'
activerecord (8.1.1) lib/active_record/migration.rb:657:in `call'
actionpack (8.1.1) lib/action_dispatch/middleware/callbacks.rb:31:in `block in call'
activesupport (8.1.1) lib/active_support/callbacks.rb:101:in `run_callbacks'
actionpack (8.1.1) lib/action_dispatch/middleware/callbacks.rb:30:in `call'
actionpack (8.1.1) lib/action_dispatch/middleware/executor.rb:20:in `call'
actionpack (8.1.1) lib/action_dispatch/middleware/actionable_exceptions.rb:18:in `call'
actionpack (8.1.1) lib/action_dispatch/middleware/debug_exceptions.rb:31:in `call'
actionpack (8.1.1) lib/action_dispatch/middleware/show_exceptions.rb:32:in `call'
railties (8.1.1) lib/rails/rack/logger.rb:41:in `call_app'
railties (8.1.1) lib/rails/rack/logger.rb:29:in `call'
actionpack (8.1.1) lib/action_dispatch/middleware/remote_ip.rb:98:in `call'
actionpack (8.1.1) lib/action_dispatch/middleware/request_id.rb:34:in `call'
rack (3.2.4) lib/rack/runtime.rb:24:in `call'
actionpack (8.1.1) lib/action_dispatch/middleware/server_timing.rb:61:in `block in call'
actionpack (8.1.1) lib/action_dispatch/middleware/server_timing.rb:26:in `collect_events'
actionpack (8.1.1) lib/action_dispatch/middleware/server_timing.rb:60:in `call'
actionpack (8.1.1) lib/action_dispatch/middleware/executor.rb:20:in `call'
actionpack (8.1.1) lib/action_dispatch/middleware/static.rb:27:in `call'
rack (3.2.4) lib/rack/sendfile.rb:131:in `call'
actionpack (8.1.1) lib/action_dispatch/middleware/host_authorization.rb:143:in `call'
rack-cors (3.0.0) lib/rack/cors.rb:102:in `call'
railties (8.1.1) lib/rails/engine.rb:534:in `call'
puma (7.1.0) lib/puma/configuration.rb:300:in `call'
puma (7.1.0) lib/puma/request.rb:101:in `block in handle_request'
puma (7.1.0) lib/puma/thread_pool.rb:355:in `with_force_shutdown'
puma (7.1.0) lib/puma/request.rb:100:in `handle_request'
puma (7.1.0) lib/puma/server.rb:503:in `process_client'
puma (7.1.0) lib/puma/server.rb:262:in `block in run'
puma (7.1.0) lib/puma/thread_pool.rb:182:in `block in spawn_thread'

Information for cause: PG::ConnectionBad (connection to server on socket "/var/run/postgresql/.s.PGSQL.5432" failed: FATAL:  role "d10-tuantp-pc" does not exist
):
  
pg-1.6.2-x86_64 (linux) lib/pg/connection.rb:751:in `polling_loop'
pg-1.6.2-x86_64 (linux) lib/pg/connection.rb:795:in `async_connect_or_reset'
pg-1.6.2-x86_64 (linux) lib/pg/connection.rb:951:in `connect_to_hosts'
pg-1.6.2-x86_64 (linux) lib/pg/connection.rb:871:in `new'
pg-1.6.2-x86_64 (linux) lib/pg.rb:88:in `connect'
activerecord (8.1.1) lib/active_record/connection_adapters/postgresql_adapter.rb:58:in `new_client'
activerecord (8.1.1) lib/active_record/connection_adapters/postgresql_adapter.rb:955:in `connect'
activerecord (8.1.1) lib/active_record/connection_adapters/postgresql_adapter.rb:967:in `reconnect'
activerecord (8.1.1) lib/active_record/connection_adapters/abstract_adapter.rb:718:in `block in reconnect!'
activesupport (8.1.1) lib/active_support/concurrency/null_lock.rb:9:in `synchronize'
activerecord (8.1.1) lib/active_record/connection_adapters/abstract_adapter.rb:715:in `reconnect!'
activerecord (8.1.1) lib/active_record/connection_adapters/abstract_adapter.rb:825:in `block in verify!'
activesupport (8.1.1) lib/active_support/concurrency/null_lock.rb:9:in `synchronize'
activerecord (8.1.1) lib/active_record/connection_adapters/abstract_adapter.rb:814:in `verify!'
activerecord (8.1.1) lib/active_record/connection_adapters/abstract_adapter.rb:834:in `connect!'
activerecord (8.1.1) lib/active_record/connection_adapters/abstract_adapter.rb:1051:in `block in with_raw_connection'
activesupport (8.1.1) lib/active_support/concurrency/null_lock.rb:9:in `synchronize'
activerecord (8.1.1) lib/active_record/connection_adapters/abstract_adapter.rb:1050:in `with_raw_connection'
activerecord (8.1.1) lib/active_record/connection_adapters/postgresql/quoting.rb:128:in `quote_string'
activerecord (8.1.1) lib/active_record/connection_adapters/abstract/quoting.rb:75:in `quote'
activerecord (8.1.1) lib/active_record/connection_adapters/postgresql/quoting.rb:122:in `quote'
activerecord (8.1.1) lib/active_record/connection_adapters/postgresql/schema_statements.rb:1180:in `quoted_scope'
activerecord (8.1.1) lib/active_record/connection_adapters/postgresql/schema_statements.rb:1157:in `data_source_sql'
activerecord (8.1.1) lib/active_record/connection_adapters/abstract/schema_statements.rb:61:in `table_exists?'
activerecord (8.1.1) lib/active_record/schema_migration.rb:55:in `block in create_table'
activerecord (8.1.1) lib/active_record/connection_adapters/abstract/connection_pool.rb:463:in `with_connection'
activerecord (8.1.1) lib/active_record/schema_migration.rb:54:in `create_table'
activerecord (8.1.1) lib/active_record/migration.rb:1440:in `initialize'
activerecord (8.1.1) lib/active_record/migration.rb:1288:in `new'
activerecord (8.1.1) lib/active_record/migration.rb:1288:in `open'
activerecord (8.1.1) lib/active_record/migration.rb:763:in `block (2 levels) in pending_migrations'
activerecord (8.1.1) lib/active_record/migration/pending_migration_connection.rb:8:in `with_temporary_pool'
activerecord (8.1.1) lib/active_record/migration.rb:762:in `block in pending_migrations'
activerecord (8.1.1) lib/active_record/migration.rb:761:in `each'
activerecord (8.1.1) lib/active_record/migration.rb:761:in `pending_migrations'
activerecord (8.1.1) lib/active_record/migration.rb:740:in `check_pending_migrations'
activerecord (8.1.1) lib/active_record/migration.rb:660:in `block (2 levels) in call'
activesupport (8.1.1) lib/active_support/file_update_checker.rb:88:in `execute'
activerecord (8.1.1) lib/active_record/migration.rb:665:in `block in call'
activerecord (8.1.1) lib/active_record/migration.rb:657:in `synchronize'
activerecord (8.1.1) lib/active_record/migration.rb:657:in `call'
actionpack (8.1.1) lib/action_dispatch/middleware/callbacks.rb:31:in `block in call'
activesupport (8.1.1) lib/active_support/callbacks.rb:101:in `run_callbacks'
actionpack (8.1.1) lib/action_dispatch/middleware/callbacks.rb:30:in `call'
actionpack (8.1.1) lib/action_dispatch/middleware/executor.rb:20:in `call'
actionpack (8.1.1) lib/action_dispatch/middleware/actionable_exceptions.rb:18:in `call'
actionpack (8.1.1) lib/action_dispatch/middleware/debug_exceptions.rb:31:in `call'
actionpack (8.1.1) lib/action_dispatch/middleware/show_exceptions.rb:32:in `call'
railties (8.1.1) lib/rails/rack/logger.rb:41:in `call_app'
railties (8.1.1) lib/rails/rack/logger.rb:29:in `call'
actionpack (8.1.1) lib/action_dispatch/middleware/remote_ip.rb:98:in `call'
actionpack (8.1.1) lib/action_dispatch/middleware/request_id.rb:34:in `call'
rack (3.2.4) lib/rack/runtime.rb:24:in `call'
actionpack (8.1.1) lib/action_dispatch/middleware/server_timing.rb:61:in `block in call'
actionpack (8.1.1) lib/action_dispatch/middleware/server_timing.rb:26:in `collect_events'
actionpack (8.1.1) lib/action_dispatch/middleware/server_timing.rb:60:in `call'
actionpack (8.1.1) lib/action_dispatch/middleware/executor.rb:20:in `call'
actionpack (8.1.1) lib/action_dispatch/middleware/static.rb:27:in `call'
rack (3.2.4) lib/rack/sendfile.rb:131:in `call'
actionpack (8.1.1) lib/action_dispatch/middleware/host_authorization.rb:143:in `call'
rack-cors (3.0.0) lib/rack/cors.rb:102:in `call'
railties (8.1.1) lib/rails/engine.rb:534:in `call'
puma (7.1.0) lib/puma/configuration.rb:300:in `call'
puma (7.1.0) lib/puma/request.rb:101:in `block in handle_request'
puma (7.1.0) lib/puma/thread_pool.rb:355:in `with_force_shutdown'
puma (7.1.0) lib/puma/request.rb:100:in `handle_request'
puma (7.1.0) lib/puma/server.rb:503:in `process_client'
puma (7.1.0) lib/puma/server.rb:262:in `block in run'
puma (7.1.0) lib/puma/thread_pool.rb:182:in `block in spawn_thread'
Started GET "/favicon.ico" for 127.0.0.1 at 2025-12-09 09:20:32 +0700
  
ActiveRecord::ConnectionNotEstablished (connection to server on socket "/var/run/postgresql/.s.PGSQL.5432" failed: FATAL:  role "d10-tuantp-pc" does not exist
)
Caused by: PG::ConnectionBad (connection to server on socket "/var/run/postgresql/.s.PGSQL.5432" failed: FATAL:  role "d10-tuantp-pc" does not exist
)

Information for: ActiveRecord::ConnectionNotEstablished (connection to server on socket "/var/run/postgresql/.s.PGSQL.5432" failed: FATAL:  role "d10-tuantp-pc" does not exist
):
  
activerecord (8.1.1) lib/active_record/connection_adapters/postgresql_adapter.rb:69:in `rescue in new_client'
activerecord (8.1.1) lib/active_record/connection_adapters/postgresql_adapter.rb:57:in `new_client'
activerecord (8.1.1) lib/active_record/connection_adapters/postgresql_adapter.rb:955:in `connect'
activerecord (8.1.1) lib/active_record/connection_adapters/postgresql_adapter.rb:967:in `reconnect'
activerecord (8.1.1) lib/active_record/connection_adapters/abstract_adapter.rb:718:in `block in reconnect!'
activesupport (8.1.1) lib/active_support/concurrency/null_lock.rb:9:in `synchronize'
activerecord (8.1.1) lib/active_record/connection_adapters/abstract_adapter.rb:715:in `reconnect!'
activerecord (8.1.1) lib/active_record/connection_adapters/abstract_adapter.rb:825:in `block in verify!'
activesupport (8.1.1) lib/active_support/concurrency/null_lock.rb:9:in `synchronize'
activerecord (8.1.1) lib/active_record/connection_adapters/abstract_adapter.rb:814:in `verify!'
activerecord (8.1.1) lib/active_record/connection_adapters/abstract_adapter.rb:834:in `connect!'
activerecord (8.1.1) lib/active_record/connection_adapters/abstract_adapter.rb:1051:in `block in with_raw_connection'
activesupport (8.1.1) lib/active_support/concurrency/null_lock.rb:9:in `synchronize'
activerecord (8.1.1) lib/active_record/connection_adapters/abstract_adapter.rb:1050:in `with_raw_connection'
activerecord (8.1.1) lib/active_record/connection_adapters/postgresql/quoting.rb:128:in `quote_string'
activerecord (8.1.1) lib/active_record/connection_adapters/abstract/quoting.rb:75:in `quote'
activerecord (8.1.1) lib/active_record/connection_adapters/postgresql/quoting.rb:122:in `quote'
activerecord (8.1.1) lib/active_record/connection_adapters/postgresql/schema_statements.rb:1180:in `quoted_scope'
activerecord (8.1.1) lib/active_record/connection_adapters/postgresql/schema_statements.rb:1157:in `data_source_sql'
activerecord (8.1.1) lib/active_record/connection_adapters/abstract/schema_statements.rb:61:in `table_exists?'
activerecord (8.1.1) lib/active_record/schema_migration.rb:55:in `block in create_table'
activerecord (8.1.1) lib/active_record/connection_adapters/abstract/connection_pool.rb:463:in `with_connection'
activerecord (8.1.1) lib/active_record/schema_migration.rb:54:in `create_table'
activerecord (8.1.1) lib/active_record/migration.rb:1440:in `initialize'
activerecord (8.1.1) lib/active_record/migration.rb:1288:in `new'
activerecord (8.1.1) lib/active_record/migration.rb:1288:in `open'
activerecord (8.1.1) lib/active_record/migration.rb:763:in `block (2 levels) in pending_migrations'
activerecord (8.1.1) lib/active_record/migration/pending_migration_connection.rb:8:in `with_temporary_pool'
activerecord (8.1.1) lib/active_record/migration.rb:762:in `block in pending_migrations'
activerecord (8.1.1) lib/active_record/migration.rb:761:in `each'
activerecord (8.1.1) lib/active_record/migration.rb:761:in `pending_migrations'
activerecord (8.1.1) lib/active_record/migration.rb:740:in `check_pending_migrations'
activerecord (8.1.1) lib/active_record/migration.rb:660:in `block (2 levels) in call'
activesupport (8.1.1) lib/active_support/file_update_checker.rb:88:in `execute'
activerecord (8.1.1) lib/active_record/migration.rb:665:in `block in call'
activerecord (8.1.1) lib/active_record/migration.rb:657:in `synchronize'
activerecord (8.1.1) lib/active_record/migration.rb:657:in `call'
actionpack (8.1.1) lib/action_dispatch/middleware/callbacks.rb:31:in `block in call'
activesupport (8.1.1) lib/active_support/callbacks.rb:101:in `run_callbacks'
actionpack (8.1.1) lib/action_dispatch/middleware/callbacks.rb:30:in `call'
actionpack (8.1.1) lib/action_dispatch/middleware/executor.rb:20:in `call'
actionpack (8.1.1) lib/action_dispatch/middleware/actionable_exceptions.rb:18:in `call'
actionpack (8.1.1) lib/action_dispatch/middleware/debug_exceptions.rb:31:in `call'
actionpack (8.1.1) lib/action_dispatch/middleware/show_exceptions.rb:32:in `call'
railties (8.1.1) lib/rails/rack/logger.rb:41:in `call_app'
railties (8.1.1) lib/rails/rack/logger.rb:29:in `call'
actionpack (8.1.1) lib/action_dispatch/middleware/remote_ip.rb:98:in `call'
actionpack (8.1.1) lib/action_dispatch/middleware/request_id.rb:34:in `call'
rack (3.2.4) lib/rack/runtime.rb:24:in `call'
actionpack (8.1.1) lib/action_dispatch/middleware/server_timing.rb:61:in `block in call'
actionpack (8.1.1) lib/action_dispatch/middleware/server_timing.rb:26:in `collect_events'
actionpack (8.1.1) lib/action_dispatch/middleware/server_timing.rb:60:in `call'
actionpack (8.1.1) lib/action_dispatch/middleware/executor.rb:20:in `call'
actionpack (8.1.1) lib/action_dispatch/middleware/static.rb:27:in `call'
rack (3.2.4) lib/rack/sendfile.rb:131:in `call'
actionpack (8.1.1) lib/action_dispatch/middleware/host_authorization.rb:143:in `call'
rack-cors (3.0.0) lib/rack/cors.rb:102:in `call'
railties (8.1.1) lib/rails/engine.rb:534:in `call'
puma (7.1.0) lib/puma/configuration.rb:300:in `call'
puma (7.1.0) lib/puma/request.rb:101:in `block in handle_request'
puma (7.1.0) lib/puma/thread_pool.rb:355:in `with_force_shutdown'
puma (7.1.0) lib/puma/request.rb:100:in `handle_request'
puma (7.1.0) lib/puma/server.rb:503:in `process_client'
puma (7.1.0) lib/puma/server.rb:262:in `block in run'
puma (7.1.0) lib/puma/thread_pool.rb:182:in `block in spawn_thread'

Information for cause: PG::ConnectionBad (connection to server on socket "/var/run/postgresql/.s.PGSQL.5432" failed: FATAL:  role "d10-tuantp-pc" does not exist
):
  
pg-1.6.2-x86_64 (linux) lib/pg/connection.rb:751:in `polling_loop'
pg-1.6.2-x86_64 (linux) lib/pg/connection.rb:795:in `async_connect_or_reset'
pg-1.6.2-x86_64 (linux) lib/pg/connection.rb:951:in `connect_to_hosts'
pg-1.6.2-x86_64 (linux) lib/pg/connection.rb:871:in `new'
pg-1.6.2-x86_64 (linux) lib/pg.rb:88:in `connect'
activerecord (8.1.1) lib/active_record/connection_adapters/postgresql_adapter.rb:58:in `new_client'
activerecord (8.1.1) lib/active_record/connection_adapters/postgresql_adapter.rb:955:in `connect'
activerecord (8.1.1) lib/active_record/connection_adapters/postgresql_adapter.rb:967:in `reconnect'
activerecord (8.1.1) lib/active_record/connection_adapters/abstract_adapter.rb:718:in `block in reconnect!'
activesupport (8.1.1) lib/active_support/concurrency/null_lock.rb:9:in `synchronize'
activerecord (8.1.1) lib/active_record/connection_adapters/abstract_adapter.rb:715:in `reconnect!'
activerecord (8.1.1) lib/active_record/connection_adapters/abstract_adapter.rb:825:in `block in verify!'
activesupport (8.1.1) lib/active_support/concurrency/null_lock.rb:9:in `synchronize'
activerecord (8.1.1) lib/active_record/connection_adapters/abstract_adapter.rb:814:in `verify!'
activerecord (8.1.1) lib/active_record/connection_adapters/abstract_adapter.rb:834:in `connect!'
activerecord (8.1.1) lib/active_record/connection_adapters/abstract_adapter.rb:1051:in `block in with_raw_connection'
activesupport (8.1.1) lib/active_support/concurrency/null_lock.rb:9:in `synchronize'
activerecord (8.1.1) lib/active_record/connection_adapters/abstract_adapter.rb:1050:in `with_raw_connection'
activerecord (8.1.1) lib/active_record/connection_adapters/postgresql/quoting.rb:128:in `quote_string'
activerecord (8.1.1) lib/active_record/connection_adapters/abstract/quoting.rb:75:in `quote'
activerecord (8.1.1) lib/active_record/connection_adapters/postgresql/quoting.rb:122:in `quote'
activerecord (8.1.1) lib/active_record/connection_adapters/postgresql/schema_statements.rb:1180:in `quoted_scope'
activerecord (8.1.1) lib/active_record/connection_adapters/postgresql/schema_statements.rb:1157:in `data_source_sql'
activerecord (8.1.1) lib/active_record/connection_adapters/abstract/schema_statements.rb:61:in `table_exists?'
activerecord (8.1.1) lib/active_record/schema_migration.rb:55:in `block in create_table'
activerecord (8.1.1) lib/active_record/connection_adapters/abstract/connection_pool.rb:463:in `with_connection'
activerecord (8.1.1) lib/active_record/schema_migration.rb:54:in `create_table'
activerecord (8.1.1) lib/active_record/migration.rb:1440:in `initialize'
activerecord (8.1.1) lib/active_record/migration.rb:1288:in `new'
activerecord (8.1.1) lib/active_record/migration.rb:1288:in `open'
activerecord (8.1.1) lib/active_record/migration.rb:763:in `block (2 levels) in pending_migrations'
activerecord (8.1.1) lib/active_record/migration/pending_migration_connection.rb:8:in `with_temporary_pool'
activerecord (8.1.1) lib/active_record/migration.rb:762:in `block in pending_migrations'
activerecord (8.1.1) lib/active_record/migration.rb:761:in `each'
activerecord (8.1.1) lib/active_record/migration.rb:761:in `pending_migrations'
activerecord (8.1.1) lib/active_record/migration.rb:740:in `check_pending_migrations'
activerecord (8.1.1) lib/active_record/migration.rb:660:in `block (2 levels) in call'
activesupport (8.1.1) lib/active_support/file_update_checker.rb:88:in `execute'
activerecord (8.1.1) lib/active_record/migration.rb:665:in `block in call'
activerecord (8.1.1) lib/active_record/migration.rb:657:in `synchronize'
activerecord (8.1.1) lib/active_record/migration.rb:657:in `call'
actionpack (8.1.1) lib/action_dispatch/middleware/callbacks.rb:31:in `block in call'
activesupport (8.1.1) lib/active_support/callbacks.rb:101:in `run_callbacks'
actionpack (8.1.1) lib/action_dispatch/middleware/callbacks.rb:30:in `call'
actionpack (8.1.1) lib/action_dispatch/middleware/executor.rb:20:in `call'
actionpack (8.1.1) lib/action_dispatch/middleware/actionable_exceptions.rb:18:in `call'
actionpack (8.1.1) lib/action_dispatch/middleware/debug_exceptions.rb:31:in `call'
actionpack (8.1.1) lib/action_dispatch/middleware/show_exceptions.rb:32:in `call'
railties (8.1.1) lib/rails/rack/logger.rb:41:in `call_app'
railties (8.1.1) lib/rails/rack/logger.rb:29:in `call'
actionpack (8.1.1) lib/action_dispatch/middleware/remote_ip.rb:98:in `call'
actionpack (8.1.1) lib/action_dispatch/middleware/request_id.rb:34:in `call'
rack (3.2.4) lib/rack/runtime.rb:24:in `call'
actionpack (8.1.1) lib/action_dispatch/middleware/server_timing.rb:61:in `block in call'
actionpack (8.1.1) lib/action_dispatch/middleware/server_timing.rb:26:in `collect_events'
actionpack (8.1.1) lib/action_dispatch/middleware/server_timing.rb:60:in `call'
actionpack (8.1.1) lib/action_dispatch/middleware/executor.rb:20:in `call'
actionpack (8.1.1) lib/action_dispatch/middleware/static.rb:27:in `call'
rack (3.2.4) lib/rack/sendfile.rb:131:in `call'
actionpack (8.1.1) lib/action_dispatch/middleware/host_authorization.rb:143:in `call'
rack-cors (3.0.0) lib/rack/cors.rb:102:in `call'
railties (8.1.1) lib/rails/engine.rb:534:in `call'
puma (7.1.0) lib/puma/configuration.rb:300:in `call'
puma (7.1.0) lib/puma/request.rb:101:in `block in handle_request'
puma (7.1.0) lib/puma/thread_pool.rb:355:in `with_force_shutdown'
puma (7.1.0) lib/puma/request.rb:100:in `handle_request'
puma (7.1.0) lib/puma/server.rb:503:in `process_client'
puma (7.1.0) lib/puma/server.rb:262:in `block in run'
puma (7.1.0) lib/puma/thread_pool.rb:182:in `block in spawn_thread'
[dotenv] Loaded [33m.env[0m
[dotenv] Loaded [33m.env[0m
[dotenv] Loaded [33m.env[0m
[dotenv] Loaded [33m.env[0m
